{"/Users/nono/Desktop/emmyATLP-my-brand-typescripts-updated/app.ts": {"path":"/Users/nono/Desktop/emmyATLP-my-brand-typescripts-updated/app.ts","all":false,"statementMap":{"0":{"start":{"line":1,"column":0},"end":{"line":1,"column":53}},"1":{"start":{"line":2,"column":0},"end":{"line":2,"column":30}},"2":{"start":{"line":3,"column":0},"end":{"line":3,"column":28}},"3":{"start":{"line":4,"column":0},"end":{"line":4,"column":40}},"4":{"start":{"line":5,"column":0},"end":{"line":5,"column":46}},"5":{"start":{"line":6,"column":0},"end":{"line":6,"column":0}},"6":{"start":{"line":7,"column":0},"end":{"line":7,"column":22}},"7":{"start":{"line":8,"column":0},"end":{"line":8,"column":0}},"8":{"start":{"line":9,"column":0},"end":{"line":9,"column":48}},"9":{"start":{"line":10,"column":0},"end":{"line":10,"column":24}},"10":{"start":{"line":11,"column":0},"end":{"line":11,"column":23}},"11":{"start":{"line":12,"column":0},"end":{"line":12,"column":0}},"12":{"start":{"line":13,"column":0},"end":{"line":13,"column":16}},"13":{"start":{"line":14,"column":0},"end":{"line":14,"column":70}},"14":{"start":{"line":15,"column":0},"end":{"line":15,"column":0}},"15":{"start":{"line":16,"column":0},"end":{"line":16,"column":9}},"16":{"start":{"line":17,"column":0},"end":{"line":17,"column":27}},"17":{"start":{"line":18,"column":0},"end":{"line":18,"column":0}},"18":{"start":{"line":19,"column":0},"end":{"line":19,"column":22}},"19":{"start":{"line":20,"column":0},"end":{"line":20,"column":28}},"20":{"start":{"line":21,"column":0},"end":{"line":21,"column":0}},"21":{"start":{"line":22,"column":0},"end":{"line":22,"column":43}},"22":{"start":{"line":23,"column":0},"end":{"line":23,"column":23}},"23":{"start":{"line":24,"column":0},"end":{"line":24,"column":0}},"24":{"start":{"line":25,"column":0},"end":{"line":25,"column":0}},"25":{"start":{"line":26,"column":0},"end":{"line":26,"column":0}},"26":{"start":{"line":27,"column":0},"end":{"line":27,"column":21}}},"s":{"0":1,"1":1,"2":1,"3":1,"4":1,"5":1,"6":1,"7":1,"8":1,"9":1,"10":1,"11":1,"12":1,"13":1,"14":1,"15":1,"16":1,"17":1,"18":1,"19":1,"20":1,"21":1,"22":1,"23":1,"24":1,"25":1,"26":1},"branchMap":{"0":{"type":"branch","line":14,"loc":{"start":{"line":14,"column":13},"end":{"line":14,"column":68}},"locations":[{"start":{"line":14,"column":13},"end":{"line":14,"column":68}}]}},"b":{"0":[1]},"fnMap":{},"f":{}}
,"/Users/nono/Desktop/emmyATLP-my-brand-typescripts-updated/__tests__/mocks/article.ts": {"path":"/Users/nono/Desktop/emmyATLP-my-brand-typescripts-updated/__tests__/mocks/article.ts","all":false,"statementMap":{"0":{"start":{"line":1,"column":0},"end":{"line":1,"column":31}},"1":{"start":{"line":2,"column":0},"end":{"line":2,"column":25}},"2":{"start":{"line":3,"column":0},"end":{"line":3,"column":14}},"3":{"start":{"line":4,"column":0},"end":{"line":4,"column":40}},"4":{"start":{"line":5,"column":0},"end":{"line":5,"column":23}},"5":{"start":{"line":6,"column":0},"end":{"line":6,"column":44}},"6":{"start":{"line":7,"column":0},"end":{"line":7,"column":65}},"7":{"start":{"line":8,"column":0},"end":{"line":8,"column":14}},"8":{"start":{"line":9,"column":0},"end":{"line":9,"column":5}},"9":{"start":{"line":10,"column":0},"end":{"line":10,"column":3}}},"s":{"0":1,"1":1,"2":1,"3":1,"4":1,"5":1,"6":1,"7":1,"8":1,"9":1},"branchMap":{},"b":{},"fnMap":{},"f":{}}
,"/Users/nono/Desktop/emmyATLP-my-brand-typescripts-updated/__tests__/mocks/comments.ts": {"path":"/Users/nono/Desktop/emmyATLP-my-brand-typescripts-updated/__tests__/mocks/comments.ts","all":false,"statementMap":{"0":{"start":{"line":1,"column":0},"end":{"line":1,"column":31}},"1":{"start":{"line":2,"column":0},"end":{"line":2,"column":24}},"2":{"start":{"line":3,"column":0},"end":{"line":3,"column":13}},"3":{"start":{"line":4,"column":0},"end":{"line":4,"column":23}},"4":{"start":{"line":5,"column":0},"end":{"line":5,"column":38}},"5":{"start":{"line":6,"column":0},"end":{"line":6,"column":40}},"6":{"start":{"line":7,"column":0},"end":{"line":7,"column":14}},"7":{"start":{"line":8,"column":0},"end":{"line":8,"column":5}},"8":{"start":{"line":9,"column":0},"end":{"line":9,"column":3}}},"s":{"0":1,"1":1,"2":1,"3":1,"4":1,"5":1,"6":1,"7":1,"8":1},"branchMap":{},"b":{},"fnMap":{},"f":{}}
,"/Users/nono/Desktop/emmyATLP-my-brand-typescripts-updated/__tests__/mocks/messages.ts": {"path":"/Users/nono/Desktop/emmyATLP-my-brand-typescripts-updated/__tests__/mocks/messages.ts","all":false,"statementMap":{"0":{"start":{"line":1,"column":0},"end":{"line":1,"column":31}},"1":{"start":{"line":2,"column":0},"end":{"line":2,"column":25}},"2":{"start":{"line":3,"column":0},"end":{"line":3,"column":13}},"3":{"start":{"line":4,"column":0},"end":{"line":4,"column":23}},"4":{"start":{"line":5,"column":0},"end":{"line":5,"column":24}},"5":{"start":{"line":6,"column":0},"end":{"line":6,"column":57}},"6":{"start":{"line":7,"column":0},"end":{"line":7,"column":40}},"7":{"start":{"line":8,"column":0},"end":{"line":8,"column":14}},"8":{"start":{"line":9,"column":0},"end":{"line":9,"column":5}},"9":{"start":{"line":10,"column":0},"end":{"line":10,"column":3}}},"s":{"0":1,"1":1,"2":1,"3":1,"4":1,"5":1,"6":1,"7":1,"8":1,"9":1},"branchMap":{},"b":{},"fnMap":{},"f":{}}
,"/Users/nono/Desktop/emmyATLP-my-brand-typescripts-updated/controllers/articles.ts": {"path":"/Users/nono/Desktop/emmyATLP-my-brand-typescripts-updated/controllers/articles.ts","all":false,"statementMap":{"0":{"start":{"line":1,"column":0},"end":{"line":1,"column":44}},"1":{"start":{"line":2,"column":0},"end":{"line":2,"column":44}},"2":{"start":{"line":3,"column":0},"end":{"line":3,"column":0}},"3":{"start":{"line":4,"column":0},"end":{"line":4,"column":34}},"4":{"start":{"line":5,"column":0},"end":{"line":5,"column":60}},"5":{"start":{"line":6,"column":0},"end":{"line":6,"column":9}},"6":{"start":{"line":7,"column":0},"end":{"line":7,"column":54}},"7":{"start":{"line":8,"column":0},"end":{"line":8,"column":44}},"8":{"start":{"line":9,"column":0},"end":{"line":9,"column":34}},"9":{"start":{"line":10,"column":0},"end":{"line":10,"column":27}},"10":{"start":{"line":11,"column":0},"end":{"line":11,"column":20}},"11":{"start":{"line":12,"column":0},"end":{"line":12,"column":21}},"12":{"start":{"line":13,"column":0},"end":{"line":13,"column":27}},"13":{"start":{"line":14,"column":0},"end":{"line":14,"column":72}},"14":{"start":{"line":15,"column":0},"end":{"line":15,"column":5}},"15":{"start":{"line":16,"column":0},"end":{"line":16,"column":4}},"16":{"start":{"line":17,"column":0},"end":{"line":17,"column":0}},"17":{"start":{"line":18,"column":0},"end":{"line":18,"column":35}},"18":{"start":{"line":19,"column":0},"end":{"line":19,"column":70}},"19":{"start":{"line":20,"column":0},"end":{"line":20,"column":9}},"20":{"start":{"line":21,"column":0},"end":{"line":21,"column":47}},"21":{"start":{"line":22,"column":0},"end":{"line":22,"column":35}},"22":{"start":{"line":23,"column":0},"end":{"line":23,"column":76}},"23":{"start":{"line":24,"column":0},"end":{"line":24,"column":14}},"24":{"start":{"line":25,"column":0},"end":{"line":25,"column":69}},"25":{"start":{"line":26,"column":0},"end":{"line":26,"column":7}},"26":{"start":{"line":27,"column":0},"end":{"line":27,"column":21}},"27":{"start":{"line":28,"column":0},"end":{"line":28,"column":33}},"28":{"start":{"line":29,"column":0},"end":{"line":29,"column":72}},"29":{"start":{"line":30,"column":0},"end":{"line":30,"column":5}},"30":{"start":{"line":31,"column":0},"end":{"line":31,"column":4}},"31":{"start":{"line":32,"column":0},"end":{"line":32,"column":0}},"32":{"start":{"line":33,"column":0},"end":{"line":33,"column":34}},"33":{"start":{"line":34,"column":0},"end":{"line":34,"column":72}},"34":{"start":{"line":35,"column":0},"end":{"line":35,"column":30}},"35":{"start":{"line":36,"column":0},"end":{"line":36,"column":9}},"36":{"start":{"line":37,"column":0},"end":{"line":37,"column":51}},"37":{"start":{"line":38,"column":0},"end":{"line":38,"column":22}},"38":{"start":{"line":39,"column":0},"end":{"line":39,"column":81}},"39":{"start":{"line":40,"column":0},"end":{"line":40,"column":16}},"40":{"start":{"line":41,"column":0},"end":{"line":41,"column":92}},"41":{"start":{"line":42,"column":0},"end":{"line":42,"column":9}},"42":{"start":{"line":43,"column":0},"end":{"line":43,"column":21}},"43":{"start":{"line":44,"column":0},"end":{"line":44,"column":27}},"44":{"start":{"line":45,"column":0},"end":{"line":45,"column":74}},"45":{"start":{"line":46,"column":0},"end":{"line":46,"column":5}},"46":{"start":{"line":47,"column":0},"end":{"line":47,"column":6}},"47":{"start":{"line":48,"column":0},"end":{"line":48,"column":0}},"48":{"start":{"line":49,"column":0},"end":{"line":49,"column":34}},"49":{"start":{"line":50,"column":0},"end":{"line":50,"column":71}},"50":{"start":{"line":51,"column":0},"end":{"line":51,"column":34}},"51":{"start":{"line":52,"column":0},"end":{"line":52,"column":13}},"52":{"start":{"line":53,"column":0},"end":{"line":53,"column":69}},"53":{"start":{"line":54,"column":0},"end":{"line":54,"column":31}},"54":{"start":{"line":55,"column":0},"end":{"line":55,"column":117}},"55":{"start":{"line":56,"column":0},"end":{"line":56,"column":18}},"56":{"start":{"line":57,"column":0},"end":{"line":57,"column":112}},"57":{"start":{"line":58,"column":0},"end":{"line":58,"column":11}},"58":{"start":{"line":59,"column":0},"end":{"line":59,"column":25}},"59":{"start":{"line":60,"column":0},"end":{"line":60,"column":76}},"60":{"start":{"line":61,"column":0},"end":{"line":61,"column":9}},"61":{"start":{"line":62,"column":0},"end":{"line":62,"column":8}},"62":{"start":{"line":63,"column":0},"end":{"line":63,"column":0}},"63":{"start":{"line":64,"column":0},"end":{"line":64,"column":0}},"64":{"start":{"line":65,"column":0},"end":{"line":65,"column":31}}},"s":{"0":1,"1":1,"2":1,"3":1,"4":1,"5":2,"6":2,"7":2,"8":1,"9":1,"10":1,"11":1,"12":1,"13":1,"14":1,"15":2,"16":1,"17":1,"18":1,"19":3,"20":3,"21":3,"22":1,"23":1,"24":1,"25":1,"26":3,"27":1,"28":1,"29":1,"30":3,"31":1,"32":1,"33":1,"34":3,"35":3,"36":3,"37":3,"38":1,"39":1,"40":1,"41":1,"42":3,"43":1,"44":1,"45":1,"46":3,"47":1,"48":1,"49":1,"50":0,"51":0,"52":0,"53":0,"54":0,"55":0,"56":0,"57":0,"58":0,"59":0,"60":0,"61":0,"62":1,"63":1,"64":1},"branchMap":{"0":{"type":"branch","line":5,"loc":{"start":{"line":5,"column":22},"end":{"line":16,"column":4}},"locations":[{"start":{"line":5,"column":22},"end":{"line":16,"column":4}}]},"1":{"type":"branch","line":5,"loc":{"start":{"line":5,"column":58},"end":{"line":16,"column":4}},"locations":[{"start":{"line":5,"column":58},"end":{"line":16,"column":4}}]},"2":{"type":"branch","line":9,"loc":{"start":{"line":9,"column":-2},"end":{"line":15,"column":5}},"locations":[{"start":{"line":9,"column":-2},"end":{"line":15,"column":5}}]},"3":{"type":"branch","line":19,"loc":{"start":{"line":19,"column":32},"end":{"line":31,"column":4}},"locations":[{"start":{"line":19,"column":32},"end":{"line":31,"column":4}}]},"4":{"type":"branch","line":19,"loc":{"start":{"line":19,"column":68},"end":{"line":31,"column":4}},"locations":[{"start":{"line":19,"column":68},"end":{"line":31,"column":4}}]},"5":{"type":"branch","line":22,"loc":{"start":{"line":22,"column":-2},"end":{"line":22,"column":34}},"locations":[{"start":{"line":22,"column":-2},"end":{"line":22,"column":34}}]},"6":{"type":"branch","line":22,"loc":{"start":{"line":22,"column":34},"end":{"line":26,"column":7}},"locations":[{"start":{"line":22,"column":34},"end":{"line":26,"column":7}}]},"7":{"type":"branch","line":27,"loc":{"start":{"line":27,"column":6},"end":{"line":30,"column":5}},"locations":[{"start":{"line":27,"column":6},"end":{"line":30,"column":5}}]},"8":{"type":"branch","line":34,"loc":{"start":{"line":34,"column":34},"end":{"line":47,"column":6}},"locations":[{"start":{"line":34,"column":34},"end":{"line":47,"column":6}}]},"9":{"type":"branch","line":34,"loc":{"start":{"line":34,"column":70},"end":{"line":47,"column":6}},"locations":[{"start":{"line":34,"column":70},"end":{"line":47,"column":6}}]},"10":{"type":"branch","line":38,"loc":{"start":{"line":38,"column":-2},"end":{"line":38,"column":21}},"locations":[{"start":{"line":38,"column":-2},"end":{"line":38,"column":21}}]},"11":{"type":"branch","line":38,"loc":{"start":{"line":38,"column":21},"end":{"line":42,"column":9}},"locations":[{"start":{"line":38,"column":21},"end":{"line":42,"column":9}}]},"12":{"type":"branch","line":43,"loc":{"start":{"line":43,"column":6},"end":{"line":46,"column":5}},"locations":[{"start":{"line":43,"column":6},"end":{"line":46,"column":5}}]}},"b":{"0":[2],"1":[2],"2":[1],"3":[3],"4":[3],"5":[2],"6":[1],"7":[1],"8":[3],"9":[3],"10":[2],"11":[1],"12":[1]},"fnMap":{"0":{"name":"createArticle","decl":{"start":{"line":5,"column":22},"end":{"line":16,"column":4}},"loc":{"start":{"line":5,"column":22},"end":{"line":16,"column":4}},"line":5},"1":{"name":"getAllArticles","decl":{"start":{"line":19,"column":32},"end":{"line":31,"column":4}},"loc":{"start":{"line":19,"column":32},"end":{"line":31,"column":4}},"line":19},"2":{"name":"getSingleArticle","decl":{"start":{"line":34,"column":34},"end":{"line":47,"column":6}},"loc":{"start":{"line":34,"column":34},"end":{"line":47,"column":6}},"line":34},"3":{"name":"deleteArticle","decl":{"start":{"line":50,"column":33},"end":{"line":62,"column":8}},"loc":{"start":{"line":50,"column":33},"end":{"line":62,"column":8}},"line":50}},"f":{"0":2,"1":3,"2":3,"3":0}}
,"/Users/nono/Desktop/emmyATLP-my-brand-typescripts-updated/controllers/comments.ts": {"path":"/Users/nono/Desktop/emmyATLP-my-brand-typescripts-updated/controllers/comments.ts","all":false,"statementMap":{"0":{"start":{"line":1,"column":0},"end":{"line":1,"column":44}},"1":{"start":{"line":2,"column":0},"end":{"line":2,"column":48}},"2":{"start":{"line":3,"column":0},"end":{"line":3,"column":0}},"3":{"start":{"line":4,"column":0},"end":{"line":4,"column":31}},"4":{"start":{"line":5,"column":0},"end":{"line":5,"column":60}},"5":{"start":{"line":6,"column":0},"end":{"line":6,"column":9}},"6":{"start":{"line":7,"column":0},"end":{"line":7,"column":54}},"7":{"start":{"line":8,"column":0},"end":{"line":8,"column":30}},"8":{"start":{"line":9,"column":0},"end":{"line":9,"column":34}},"9":{"start":{"line":10,"column":0},"end":{"line":10,"column":27}},"10":{"start":{"line":11,"column":0},"end":{"line":11,"column":25}},"11":{"start":{"line":12,"column":0},"end":{"line":12,"column":21}},"12":{"start":{"line":13,"column":0},"end":{"line":13,"column":27}},"13":{"start":{"line":14,"column":0},"end":{"line":14,"column":72}},"14":{"start":{"line":15,"column":0},"end":{"line":15,"column":5}},"15":{"start":{"line":16,"column":0},"end":{"line":16,"column":4}},"16":{"start":{"line":17,"column":0},"end":{"line":17,"column":0}},"17":{"start":{"line":18,"column":0},"end":{"line":18,"column":35}},"18":{"start":{"line":19,"column":0},"end":{"line":19,"column":70}},"19":{"start":{"line":20,"column":0},"end":{"line":20,"column":9}},"20":{"start":{"line":21,"column":0},"end":{"line":21,"column":47}},"21":{"start":{"line":22,"column":0},"end":{"line":22,"column":35}},"22":{"start":{"line":23,"column":0},"end":{"line":23,"column":76}},"23":{"start":{"line":24,"column":0},"end":{"line":24,"column":14}},"24":{"start":{"line":25,"column":0},"end":{"line":25,"column":81}},"25":{"start":{"line":26,"column":0},"end":{"line":26,"column":7}},"26":{"start":{"line":27,"column":0},"end":{"line":27,"column":21}},"27":{"start":{"line":28,"column":0},"end":{"line":28,"column":33}},"28":{"start":{"line":29,"column":0},"end":{"line":29,"column":72}},"29":{"start":{"line":30,"column":0},"end":{"line":30,"column":5}},"30":{"start":{"line":31,"column":0},"end":{"line":31,"column":4}},"31":{"start":{"line":32,"column":0},"end":{"line":32,"column":0}},"32":{"start":{"line":33,"column":0},"end":{"line":33,"column":34}},"33":{"start":{"line":34,"column":0},"end":{"line":34,"column":72}},"34":{"start":{"line":35,"column":0},"end":{"line":35,"column":30}},"35":{"start":{"line":36,"column":0},"end":{"line":36,"column":9}},"36":{"start":{"line":37,"column":0},"end":{"line":37,"column":51}},"37":{"start":{"line":38,"column":0},"end":{"line":38,"column":22}},"38":{"start":{"line":39,"column":0},"end":{"line":39,"column":81}},"39":{"start":{"line":40,"column":0},"end":{"line":40,"column":16}},"40":{"start":{"line":41,"column":0},"end":{"line":41,"column":89}},"41":{"start":{"line":42,"column":0},"end":{"line":42,"column":9}},"42":{"start":{"line":43,"column":0},"end":{"line":43,"column":21}},"43":{"start":{"line":44,"column":0},"end":{"line":44,"column":27}},"44":{"start":{"line":45,"column":0},"end":{"line":45,"column":74}},"45":{"start":{"line":46,"column":0},"end":{"line":46,"column":5}},"46":{"start":{"line":47,"column":0},"end":{"line":47,"column":6}},"47":{"start":{"line":48,"column":0},"end":{"line":48,"column":0}},"48":{"start":{"line":49,"column":0},"end":{"line":49,"column":34}},"49":{"start":{"line":50,"column":0},"end":{"line":50,"column":71}},"50":{"start":{"line":51,"column":0},"end":{"line":51,"column":34}},"51":{"start":{"line":52,"column":0},"end":{"line":52,"column":13}},"52":{"start":{"line":53,"column":0},"end":{"line":53,"column":69}},"53":{"start":{"line":54,"column":0},"end":{"line":54,"column":31}},"54":{"start":{"line":55,"column":0},"end":{"line":55,"column":117}},"55":{"start":{"line":56,"column":0},"end":{"line":56,"column":18}},"56":{"start":{"line":57,"column":0},"end":{"line":57,"column":112}},"57":{"start":{"line":58,"column":0},"end":{"line":58,"column":11}},"58":{"start":{"line":59,"column":0},"end":{"line":59,"column":25}},"59":{"start":{"line":60,"column":0},"end":{"line":60,"column":76}},"60":{"start":{"line":61,"column":0},"end":{"line":61,"column":9}},"61":{"start":{"line":62,"column":0},"end":{"line":62,"column":8}},"62":{"start":{"line":63,"column":0},"end":{"line":63,"column":0}},"63":{"start":{"line":64,"column":0},"end":{"line":64,"column":0}},"64":{"start":{"line":65,"column":0},"end":{"line":65,"column":31}}},"s":{"0":1,"1":1,"2":1,"3":1,"4":1,"5":2,"6":2,"7":2,"8":1,"9":1,"10":1,"11":1,"12":1,"13":1,"14":1,"15":2,"16":1,"17":1,"18":1,"19":3,"20":3,"21":3,"22":1,"23":1,"24":1,"25":1,"26":3,"27":1,"28":1,"29":1,"30":3,"31":1,"32":1,"33":1,"34":3,"35":3,"36":3,"37":3,"38":1,"39":1,"40":1,"41":1,"42":3,"43":1,"44":1,"45":1,"46":3,"47":1,"48":1,"49":1,"50":3,"51":3,"52":3,"53":3,"54":1,"55":1,"56":1,"57":1,"58":3,"59":1,"60":1,"61":3,"62":1,"63":1,"64":1},"branchMap":{"0":{"type":"branch","line":5,"loc":{"start":{"line":5,"column":22},"end":{"line":16,"column":4}},"locations":[{"start":{"line":5,"column":22},"end":{"line":16,"column":4}}]},"1":{"type":"branch","line":5,"loc":{"start":{"line":5,"column":58},"end":{"line":16,"column":4}},"locations":[{"start":{"line":5,"column":58},"end":{"line":16,"column":4}}]},"2":{"type":"branch","line":9,"loc":{"start":{"line":9,"column":-2},"end":{"line":15,"column":5}},"locations":[{"start":{"line":9,"column":-2},"end":{"line":15,"column":5}}]},"3":{"type":"branch","line":19,"loc":{"start":{"line":19,"column":32},"end":{"line":31,"column":4}},"locations":[{"start":{"line":19,"column":32},"end":{"line":31,"column":4}}]},"4":{"type":"branch","line":19,"loc":{"start":{"line":19,"column":68},"end":{"line":31,"column":4}},"locations":[{"start":{"line":19,"column":68},"end":{"line":31,"column":4}}]},"5":{"type":"branch","line":22,"loc":{"start":{"line":22,"column":-2},"end":{"line":22,"column":34}},"locations":[{"start":{"line":22,"column":-2},"end":{"line":22,"column":34}}]},"6":{"type":"branch","line":22,"loc":{"start":{"line":22,"column":34},"end":{"line":26,"column":7}},"locations":[{"start":{"line":22,"column":34},"end":{"line":26,"column":7}}]},"7":{"type":"branch","line":27,"loc":{"start":{"line":27,"column":6},"end":{"line":30,"column":5}},"locations":[{"start":{"line":27,"column":6},"end":{"line":30,"column":5}}]},"8":{"type":"branch","line":34,"loc":{"start":{"line":34,"column":34},"end":{"line":47,"column":6}},"locations":[{"start":{"line":34,"column":34},"end":{"line":47,"column":6}}]},"9":{"type":"branch","line":34,"loc":{"start":{"line":34,"column":70},"end":{"line":47,"column":6}},"locations":[{"start":{"line":34,"column":70},"end":{"line":47,"column":6}}]},"10":{"type":"branch","line":38,"loc":{"start":{"line":38,"column":-2},"end":{"line":38,"column":21}},"locations":[{"start":{"line":38,"column":-2},"end":{"line":38,"column":21}}]},"11":{"type":"branch","line":38,"loc":{"start":{"line":38,"column":21},"end":{"line":42,"column":9}},"locations":[{"start":{"line":38,"column":21},"end":{"line":42,"column":9}}]},"12":{"type":"branch","line":43,"loc":{"start":{"line":43,"column":6},"end":{"line":46,"column":5}},"locations":[{"start":{"line":43,"column":6},"end":{"line":46,"column":5}}]},"13":{"type":"branch","line":50,"loc":{"start":{"line":50,"column":33},"end":{"line":62,"column":8}},"locations":[{"start":{"line":50,"column":33},"end":{"line":62,"column":8}}]},"14":{"type":"branch","line":50,"loc":{"start":{"line":50,"column":69},"end":{"line":62,"column":8}},"locations":[{"start":{"line":50,"column":69},"end":{"line":62,"column":8}}]},"15":{"type":"branch","line":54,"loc":{"start":{"line":54,"column":-2},"end":{"line":54,"column":30}},"locations":[{"start":{"line":54,"column":-2},"end":{"line":54,"column":30}}]},"16":{"type":"branch","line":54,"loc":{"start":{"line":54,"column":30},"end":{"line":58,"column":11}},"locations":[{"start":{"line":54,"column":30},"end":{"line":58,"column":11}}]},"17":{"type":"branch","line":59,"loc":{"start":{"line":59,"column":10},"end":{"line":61,"column":9}},"locations":[{"start":{"line":59,"column":10},"end":{"line":61,"column":9}}]}},"b":{"0":[2],"1":[2],"2":[1],"3":[3],"4":[3],"5":[2],"6":[1],"7":[1],"8":[3],"9":[3],"10":[2],"11":[1],"12":[1],"13":[3],"14":[3],"15":[2],"16":[1],"17":[1]},"fnMap":{"0":{"name":"createComment","decl":{"start":{"line":5,"column":22},"end":{"line":16,"column":4}},"loc":{"start":{"line":5,"column":22},"end":{"line":16,"column":4}},"line":5},"1":{"name":"getAllComments","decl":{"start":{"line":19,"column":32},"end":{"line":31,"column":4}},"loc":{"start":{"line":19,"column":32},"end":{"line":31,"column":4}},"line":19},"2":{"name":"getSingleComment","decl":{"start":{"line":34,"column":34},"end":{"line":47,"column":6}},"loc":{"start":{"line":34,"column":34},"end":{"line":47,"column":6}},"line":34},"3":{"name":"deleteComment","decl":{"start":{"line":50,"column":33},"end":{"line":62,"column":8}},"loc":{"start":{"line":50,"column":33},"end":{"line":62,"column":8}},"line":50}},"f":{"0":2,"1":3,"2":3,"3":3}}
,"/Users/nono/Desktop/emmyATLP-my-brand-typescripts-updated/controllers/message.ts": {"path":"/Users/nono/Desktop/emmyATLP-my-brand-typescripts-updated/controllers/message.ts","all":false,"statementMap":{"0":{"start":{"line":1,"column":0},"end":{"line":1,"column":44}},"1":{"start":{"line":2,"column":0},"end":{"line":2,"column":41}},"2":{"start":{"line":3,"column":0},"end":{"line":3,"column":0}},"3":{"start":{"line":4,"column":0},"end":{"line":4,"column":30}},"4":{"start":{"line":5,"column":0},"end":{"line":5,"column":68}},"5":{"start":{"line":6,"column":0},"end":{"line":6,"column":7}},"6":{"start":{"line":7,"column":0},"end":{"line":7,"column":42}},"7":{"start":{"line":8,"column":0},"end":{"line":8,"column":33}},"8":{"start":{"line":9,"column":0},"end":{"line":9,"column":73}},"9":{"start":{"line":10,"column":0},"end":{"line":10,"column":12}},"10":{"start":{"line":11,"column":0},"end":{"line":11,"column":80}},"11":{"start":{"line":12,"column":0},"end":{"line":12,"column":5}},"12":{"start":{"line":13,"column":0},"end":{"line":13,"column":19}},"13":{"start":{"line":14,"column":0},"end":{"line":14,"column":25}},"14":{"start":{"line":15,"column":0},"end":{"line":15,"column":70}},"15":{"start":{"line":16,"column":0},"end":{"line":16,"column":3}},"16":{"start":{"line":17,"column":0},"end":{"line":17,"column":2}},"17":{"start":{"line":18,"column":0},"end":{"line":18,"column":0}},"18":{"start":{"line":19,"column":0},"end":{"line":19,"column":34}},"19":{"start":{"line":20,"column":0},"end":{"line":20,"column":69}},"20":{"start":{"line":21,"column":0},"end":{"line":21,"column":9}},"21":{"start":{"line":22,"column":0},"end":{"line":22,"column":51}},"22":{"start":{"line":23,"column":0},"end":{"line":23,"column":44}},"23":{"start":{"line":24,"column":0},"end":{"line":24,"column":66}},"24":{"start":{"line":25,"column":0},"end":{"line":25,"column":21}},"25":{"start":{"line":26,"column":0},"end":{"line":26,"column":27}},"26":{"start":{"line":27,"column":0},"end":{"line":27,"column":72}},"27":{"start":{"line":28,"column":0},"end":{"line":28,"column":5}},"28":{"start":{"line":29,"column":0},"end":{"line":29,"column":4}},"29":{"start":{"line":30,"column":0},"end":{"line":30,"column":0}},"30":{"start":{"line":31,"column":0},"end":{"line":31,"column":34}},"31":{"start":{"line":32,"column":0},"end":{"line":32,"column":72}},"32":{"start":{"line":33,"column":0},"end":{"line":33,"column":30}},"33":{"start":{"line":34,"column":0},"end":{"line":34,"column":9}},"34":{"start":{"line":35,"column":0},"end":{"line":35,"column":46}},"35":{"start":{"line":36,"column":0},"end":{"line":36,"column":20}},"36":{"start":{"line":37,"column":0},"end":{"line":37,"column":81}},"37":{"start":{"line":38,"column":0},"end":{"line":38,"column":14}},"38":{"start":{"line":39,"column":0},"end":{"line":39,"column":89}},"39":{"start":{"line":40,"column":0},"end":{"line":40,"column":7}},"40":{"start":{"line":41,"column":0},"end":{"line":41,"column":21}},"41":{"start":{"line":42,"column":0},"end":{"line":42,"column":27}},"42":{"start":{"line":43,"column":0},"end":{"line":43,"column":72}},"43":{"start":{"line":44,"column":0},"end":{"line":44,"column":5}},"44":{"start":{"line":45,"column":0},"end":{"line":45,"column":4}},"45":{"start":{"line":46,"column":0},"end":{"line":46,"column":0}},"46":{"start":{"line":47,"column":0},"end":{"line":47,"column":32}},"47":{"start":{"line":48,"column":0},"end":{"line":48,"column":71}},"48":{"start":{"line":49,"column":0},"end":{"line":49,"column":32}},"49":{"start":{"line":50,"column":0},"end":{"line":50,"column":11}},"50":{"start":{"line":51,"column":0},"end":{"line":51,"column":64}},"51":{"start":{"line":52,"column":0},"end":{"line":52,"column":29}},"52":{"start":{"line":53,"column":0},"end":{"line":53,"column":115}},"53":{"start":{"line":54,"column":0},"end":{"line":54,"column":16}},"54":{"start":{"line":55,"column":0},"end":{"line":55,"column":110}},"55":{"start":{"line":56,"column":0},"end":{"line":56,"column":9}},"56":{"start":{"line":57,"column":0},"end":{"line":57,"column":23}},"57":{"start":{"line":58,"column":0},"end":{"line":58,"column":29}},"58":{"start":{"line":59,"column":0},"end":{"line":59,"column":74}},"59":{"start":{"line":60,"column":0},"end":{"line":60,"column":7}},"60":{"start":{"line":61,"column":0},"end":{"line":61,"column":6}}},"s":{"0":1,"1":1,"2":1,"3":1,"4":1,"5":3,"6":3,"7":3,"8":1,"9":1,"10":1,"11":1,"12":3,"13":1,"14":1,"15":1,"16":3,"17":1,"18":1,"19":1,"20":2,"21":2,"22":2,"23":1,"24":1,"25":1,"26":1,"27":1,"28":2,"29":1,"30":1,"31":1,"32":3,"33":3,"34":3,"35":3,"36":1,"37":1,"38":1,"39":1,"40":3,"41":1,"42":1,"43":1,"44":3,"45":1,"46":1,"47":1,"48":0,"49":0,"50":0,"51":0,"52":0,"53":0,"54":0,"55":0,"56":0,"57":0,"58":0,"59":0,"60":0},"branchMap":{"0":{"type":"branch","line":5,"loc":{"start":{"line":5,"column":30},"end":{"line":17,"column":2}},"locations":[{"start":{"line":5,"column":30},"end":{"line":17,"column":2}}]},"1":{"type":"branch","line":5,"loc":{"start":{"line":5,"column":66},"end":{"line":17,"column":2}},"locations":[{"start":{"line":5,"column":66},"end":{"line":17,"column":2}}]},"2":{"type":"branch","line":8,"loc":{"start":{"line":8,"column":-2},"end":{"line":8,"column":32}},"locations":[{"start":{"line":8,"column":-2},"end":{"line":8,"column":32}}]},"3":{"type":"branch","line":8,"loc":{"start":{"line":8,"column":32},"end":{"line":12,"column":5}},"locations":[{"start":{"line":8,"column":32},"end":{"line":12,"column":5}}]},"4":{"type":"branch","line":13,"loc":{"start":{"line":13,"column":4},"end":{"line":16,"column":3}},"locations":[{"start":{"line":13,"column":4},"end":{"line":16,"column":3}}]},"5":{"type":"branch","line":20,"loc":{"start":{"line":20,"column":31},"end":{"line":29,"column":4}},"locations":[{"start":{"line":20,"column":31},"end":{"line":29,"column":4}}]},"6":{"type":"branch","line":20,"loc":{"start":{"line":20,"column":67},"end":{"line":29,"column":4}},"locations":[{"start":{"line":20,"column":67},"end":{"line":29,"column":4}}]},"7":{"type":"branch","line":24,"loc":{"start":{"line":24,"column":-2},"end":{"line":28,"column":5}},"locations":[{"start":{"line":24,"column":-2},"end":{"line":28,"column":5}}]},"8":{"type":"branch","line":32,"loc":{"start":{"line":32,"column":34},"end":{"line":45,"column":4}},"locations":[{"start":{"line":32,"column":34},"end":{"line":45,"column":4}}]},"9":{"type":"branch","line":32,"loc":{"start":{"line":32,"column":70},"end":{"line":45,"column":4}},"locations":[{"start":{"line":32,"column":70},"end":{"line":45,"column":4}}]},"10":{"type":"branch","line":36,"loc":{"start":{"line":36,"column":-2},"end":{"line":36,"column":19}},"locations":[{"start":{"line":36,"column":-2},"end":{"line":36,"column":19}}]},"11":{"type":"branch","line":36,"loc":{"start":{"line":36,"column":19},"end":{"line":40,"column":7}},"locations":[{"start":{"line":36,"column":19},"end":{"line":40,"column":7}}]},"12":{"type":"branch","line":41,"loc":{"start":{"line":41,"column":6},"end":{"line":44,"column":5}},"locations":[{"start":{"line":41,"column":6},"end":{"line":44,"column":5}}]}},"b":{"0":[3],"1":[3],"2":[2],"3":[1],"4":[1],"5":[2],"6":[2],"7":[1],"8":[3],"9":[3],"10":[2],"11":[1],"12":[1]},"fnMap":{"0":{"name":"getAllMessages","decl":{"start":{"line":5,"column":30},"end":{"line":17,"column":2}},"loc":{"start":{"line":5,"column":30},"end":{"line":17,"column":2}},"line":5},"1":{"name":"createMessage","decl":{"start":{"line":20,"column":31},"end":{"line":29,"column":4}},"loc":{"start":{"line":20,"column":31},"end":{"line":29,"column":4}},"line":20},"2":{"name":"getSingleMessage","decl":{"start":{"line":32,"column":34},"end":{"line":45,"column":4}},"loc":{"start":{"line":32,"column":34},"end":{"line":45,"column":4}},"line":32},"3":{"name":"deleteMessage","decl":{"start":{"line":48,"column":33},"end":{"line":61,"column":6}},"loc":{"start":{"line":48,"column":33},"end":{"line":61,"column":6}},"line":48}},"f":{"0":3,"1":2,"2":3,"3":0}}
,"/Users/nono/Desktop/emmyATLP-my-brand-typescripts-updated/controllers/notFount.ts": {"path":"/Users/nono/Desktop/emmyATLP-my-brand-typescripts-updated/controllers/notFount.ts","all":false,"statementMap":{"0":{"start":{"line":1,"column":0},"end":{"line":1,"column":44}},"1":{"start":{"line":2,"column":0},"end":{"line":2,"column":0}},"2":{"start":{"line":3,"column":0},"end":{"line":3,"column":49}},"3":{"start":{"line":4,"column":0},"end":{"line":4,"column":77}},"4":{"start":{"line":5,"column":0},"end":{"line":5,"column":4}},"5":{"start":{"line":6,"column":0},"end":{"line":6,"column":0}},"6":{"start":{"line":7,"column":0},"end":{"line":7,"column":26}}},"s":{"0":1,"1":1,"2":1,"3":3,"4":3,"5":1,"6":1},"branchMap":{"0":{"type":"branch","line":3,"loc":{"start":{"line":3,"column":17},"end":{"line":5,"column":4}},"locations":[{"start":{"line":3,"column":17},"end":{"line":5,"column":4}}]}},"b":{"0":[3]},"fnMap":{"0":{"name":"notFound","decl":{"start":{"line":3,"column":17},"end":{"line":5,"column":4}},"loc":{"start":{"line":3,"column":17},"end":{"line":5,"column":4}},"line":3}},"f":{"0":3}}
,"/Users/nono/Desktop/emmyATLP-my-brand-typescripts-updated/controllers/user.ts": {"path":"/Users/nono/Desktop/emmyATLP-my-brand-typescripts-updated/controllers/user.ts","all":false,"statementMap":{"0":{"start":{"line":1,"column":0},"end":{"line":1,"column":44}},"1":{"start":{"line":2,"column":0},"end":{"line":2,"column":38}},"2":{"start":{"line":3,"column":0},"end":{"line":3,"column":31}},"3":{"start":{"line":4,"column":0},"end":{"line":4,"column":0}},"4":{"start":{"line":5,"column":0},"end":{"line":5,"column":27}},"5":{"start":{"line":6,"column":0},"end":{"line":6,"column":65}},"6":{"start":{"line":7,"column":0},"end":{"line":7,"column":7}},"7":{"start":{"line":8,"column":0},"end":{"line":8,"column":36}},"8":{"start":{"line":9,"column":0},"end":{"line":9,"column":0}},"9":{"start":{"line":10,"column":0},"end":{"line":10,"column":27}},"10":{"start":{"line":11,"column":0},"end":{"line":11,"column":68}},"11":{"start":{"line":12,"column":0},"end":{"line":12,"column":12}},"12":{"start":{"line":13,"column":0},"end":{"line":13,"column":82}},"13":{"start":{"line":14,"column":0},"end":{"line":14,"column":5}},"14":{"start":{"line":15,"column":0},"end":{"line":15,"column":23}},"15":{"start":{"line":16,"column":0},"end":{"line":16,"column":23}},"16":{"start":{"line":17,"column":0},"end":{"line":17,"column":60}},"17":{"start":{"line":18,"column":0},"end":{"line":18,"column":3}},"18":{"start":{"line":19,"column":0},"end":{"line":19,"column":2}},"19":{"start":{"line":20,"column":0},"end":{"line":20,"column":0}},"20":{"start":{"line":21,"column":0},"end":{"line":21,"column":39}},"21":{"start":{"line":22,"column":0},"end":{"line":22,"column":68}},"22":{"start":{"line":23,"column":0},"end":{"line":23,"column":57}},"23":{"start":{"line":24,"column":0},"end":{"line":24,"column":2}},"24":{"start":{"line":25,"column":0},"end":{"line":25,"column":9}},"25":{"start":{"line":26,"column":0},"end":{"line":26,"column":57}},"26":{"start":{"line":27,"column":0},"end":{"line":27,"column":6}},"27":{"start":{"line":28,"column":0},"end":{"line":28,"column":25}},"28":{"start":{"line":29,"column":0},"end":{"line":29,"column":72}},"29":{"start":{"line":30,"column":0},"end":{"line":30,"column":7}},"30":{"start":{"line":31,"column":0},"end":{"line":31,"column":2}},"31":{"start":{"line":32,"column":0},"end":{"line":32,"column":68}},"32":{"start":{"line":33,"column":0},"end":{"line":33,"column":40}},"33":{"start":{"line":34,"column":0},"end":{"line":34,"column":40}},"34":{"start":{"line":35,"column":0},"end":{"line":35,"column":21}},"35":{"start":{"line":36,"column":0},"end":{"line":36,"column":56}},"36":{"start":{"line":37,"column":0},"end":{"line":37,"column":72}},"37":{"start":{"line":38,"column":0},"end":{"line":38,"column":5}},"38":{"start":{"line":39,"column":0},"end":{"line":39,"column":4}},"39":{"start":{"line":40,"column":0},"end":{"line":40,"column":0}},"40":{"start":{"line":41,"column":0},"end":{"line":41,"column":31}},"41":{"start":{"line":42,"column":0},"end":{"line":42,"column":69}},"42":{"start":{"line":43,"column":0},"end":{"line":43,"column":30}},"43":{"start":{"line":44,"column":0},"end":{"line":44,"column":9}},"44":{"start":{"line":45,"column":0},"end":{"line":45,"column":43}},"45":{"start":{"line":46,"column":0},"end":{"line":46,"column":17}},"46":{"start":{"line":47,"column":0},"end":{"line":47,"column":75}},"47":{"start":{"line":48,"column":0},"end":{"line":48,"column":14}},"48":{"start":{"line":49,"column":0},"end":{"line":49,"column":86}},"49":{"start":{"line":50,"column":0},"end":{"line":50,"column":7}},"50":{"start":{"line":51,"column":0},"end":{"line":51,"column":21}},"51":{"start":{"line":52,"column":0},"end":{"line":52,"column":31}},"52":{"start":{"line":53,"column":0},"end":{"line":53,"column":72}},"53":{"start":{"line":54,"column":0},"end":{"line":54,"column":5}},"54":{"start":{"line":55,"column":0},"end":{"line":55,"column":4}},"55":{"start":{"line":56,"column":0},"end":{"line":56,"column":0}},"56":{"start":{"line":57,"column":0},"end":{"line":57,"column":29}},"57":{"start":{"line":58,"column":0},"end":{"line":58,"column":68}},"58":{"start":{"line":59,"column":0},"end":{"line":59,"column":32}},"59":{"start":{"line":60,"column":0},"end":{"line":60,"column":11}},"60":{"start":{"line":61,"column":0},"end":{"line":61,"column":61}},"61":{"start":{"line":62,"column":0},"end":{"line":62,"column":26}},"62":{"start":{"line":63,"column":0},"end":{"line":63,"column":109}},"63":{"start":{"line":64,"column":0},"end":{"line":64,"column":16}},"64":{"start":{"line":65,"column":0},"end":{"line":65,"column":104}},"65":{"start":{"line":66,"column":0},"end":{"line":66,"column":9}},"66":{"start":{"line":67,"column":0},"end":{"line":67,"column":27}},"67":{"start":{"line":68,"column":0},"end":{"line":68,"column":27}},"68":{"start":{"line":69,"column":0},"end":{"line":69,"column":74}},"69":{"start":{"line":70,"column":0},"end":{"line":70,"column":7}},"70":{"start":{"line":71,"column":0},"end":{"line":71,"column":6}},"71":{"start":{"line":72,"column":0},"end":{"line":72,"column":0}},"72":{"start":{"line":73,"column":0},"end":{"line":73,"column":37}},"73":{"start":{"line":74,"column":0},"end":{"line":74,"column":67}},"74":{"start":{"line":75,"column":0},"end":{"line":75,"column":11}},"75":{"start":{"line":76,"column":0},"end":{"line":76,"column":45}},"76":{"start":{"line":77,"column":0},"end":{"line":77,"column":51}},"77":{"start":{"line":78,"column":0},"end":{"line":78,"column":4}},"78":{"start":{"line":79,"column":0},"end":{"line":79,"column":20}},"79":{"start":{"line":80,"column":0},"end":{"line":80,"column":69}},"80":{"start":{"line":81,"column":0},"end":{"line":81,"column":9}},"81":{"start":{"line":82,"column":0},"end":{"line":82,"column":4}},"82":{"start":{"line":83,"column":0},"end":{"line":83,"column":41}},"83":{"start":{"line":84,"column":0},"end":{"line":84,"column":71}},"84":{"start":{"line":85,"column":0},"end":{"line":85,"column":9}},"85":{"start":{"line":86,"column":0},"end":{"line":86,"column":4}},"86":{"start":{"line":87,"column":0},"end":{"line":87,"column":109}},"87":{"start":{"line":88,"column":0},"end":{"line":88,"column":4}},"88":{"start":{"line":89,"column":0},"end":{"line":89,"column":75}},"89":{"start":{"line":90,"column":0},"end":{"line":90,"column":23}},"90":{"start":{"line":91,"column":0},"end":{"line":91,"column":27}},"91":{"start":{"line":92,"column":0},"end":{"line":92,"column":83}},"92":{"start":{"line":93,"column":0},"end":{"line":93,"column":7}},"93":{"start":{"line":94,"column":0},"end":{"line":94,"column":6}}},"s":{"0":1,"1":1,"2":1,"3":1,"4":1,"5":1,"6":3,"7":3,"8":2,"9":3,"10":1,"11":1,"12":1,"13":1,"14":3,"15":1,"16":1,"17":1,"18":3,"19":1,"20":1,"21":1,"22":3,"23":3,"24":3,"25":3,"26":3,"27":3,"28":1,"29":1,"30":2,"31":2,"32":2,"33":1,"34":1,"35":1,"36":1,"37":1,"38":3,"39":1,"40":1,"41":1,"42":3,"43":3,"44":3,"45":3,"46":1,"47":1,"48":1,"49":1,"50":3,"51":1,"52":1,"53":1,"54":3,"55":1,"56":1,"57":1,"58":3,"59":3,"60":3,"61":3,"62":1,"63":1,"64":1,"65":1,"66":3,"67":1,"68":1,"69":1,"70":3,"71":1,"72":1,"73":1,"74":4,"75":4,"76":4,"77":3,"78":4,"79":1,"80":1,"81":2,"82":4,"83":1,"84":1,"85":1,"86":1,"87":1,"88":1,"89":1,"90":1,"91":1,"92":1,"93":4},"branchMap":{"0":{"type":"branch","line":6,"loc":{"start":{"line":6,"column":27},"end":{"line":19,"column":2}},"locations":[{"start":{"line":6,"column":27},"end":{"line":19,"column":2}}]},"1":{"type":"branch","line":6,"loc":{"start":{"line":6,"column":63},"end":{"line":19,"column":2}},"locations":[{"start":{"line":6,"column":63},"end":{"line":19,"column":2}}]},"2":{"type":"branch","line":9,"loc":{"start":{"line":9,"column":-2},"end":{"line":10,"column":26}},"locations":[{"start":{"line":9,"column":-2},"end":{"line":10,"column":26}}]},"3":{"type":"branch","line":10,"loc":{"start":{"line":10,"column":26},"end":{"line":14,"column":5}},"locations":[{"start":{"line":10,"column":26},"end":{"line":14,"column":5}}]},"4":{"type":"branch","line":15,"loc":{"start":{"line":15,"column":4},"end":{"line":18,"column":3}},"locations":[{"start":{"line":15,"column":4},"end":{"line":18,"column":3}}]},"5":{"type":"branch","line":22,"loc":{"start":{"line":22,"column":30},"end":{"line":39,"column":4}},"locations":[{"start":{"line":22,"column":30},"end":{"line":39,"column":4}}]},"6":{"type":"branch","line":22,"loc":{"start":{"line":22,"column":66},"end":{"line":39,"column":4}},"locations":[{"start":{"line":22,"column":66},"end":{"line":39,"column":4}}]},"7":{"type":"branch","line":28,"loc":{"start":{"line":28,"column":24},"end":{"line":30,"column":7}},"locations":[{"start":{"line":28,"column":24},"end":{"line":30,"column":7}}]},"8":{"type":"branch","line":31,"loc":{"start":{"line":31,"column":-2},"end":{"line":33,"column":40}},"locations":[{"start":{"line":31,"column":-2},"end":{"line":33,"column":40}}]},"9":{"type":"branch","line":34,"loc":{"start":{"line":34,"column":-2},"end":{"line":38,"column":5}},"locations":[{"start":{"line":34,"column":-2},"end":{"line":38,"column":5}}]},"10":{"type":"branch","line":42,"loc":{"start":{"line":42,"column":31},"end":{"line":55,"column":4}},"locations":[{"start":{"line":42,"column":31},"end":{"line":55,"column":4}}]},"11":{"type":"branch","line":42,"loc":{"start":{"line":42,"column":67},"end":{"line":55,"column":4}},"locations":[{"start":{"line":42,"column":67},"end":{"line":55,"column":4}}]},"12":{"type":"branch","line":46,"loc":{"start":{"line":46,"column":-2},"end":{"line":46,"column":16}},"locations":[{"start":{"line":46,"column":-2},"end":{"line":46,"column":16}}]},"13":{"type":"branch","line":46,"loc":{"start":{"line":46,"column":16},"end":{"line":50,"column":7}},"locations":[{"start":{"line":46,"column":16},"end":{"line":50,"column":7}}]},"14":{"type":"branch","line":51,"loc":{"start":{"line":51,"column":6},"end":{"line":54,"column":5}},"locations":[{"start":{"line":51,"column":6},"end":{"line":54,"column":5}}]},"15":{"type":"branch","line":58,"loc":{"start":{"line":58,"column":30},"end":{"line":71,"column":6}},"locations":[{"start":{"line":58,"column":30},"end":{"line":71,"column":6}}]},"16":{"type":"branch","line":58,"loc":{"start":{"line":58,"column":66},"end":{"line":71,"column":6}},"locations":[{"start":{"line":58,"column":66},"end":{"line":71,"column":6}}]},"17":{"type":"branch","line":62,"loc":{"start":{"line":62,"column":-2},"end":{"line":62,"column":25}},"locations":[{"start":{"line":62,"column":-2},"end":{"line":62,"column":25}}]},"18":{"type":"branch","line":62,"loc":{"start":{"line":62,"column":25},"end":{"line":66,"column":9}},"locations":[{"start":{"line":62,"column":25},"end":{"line":66,"column":9}}]},"19":{"type":"branch","line":67,"loc":{"start":{"line":67,"column":8},"end":{"line":70,"column":7}},"locations":[{"start":{"line":67,"column":8},"end":{"line":70,"column":7}}]},"20":{"type":"branch","line":74,"loc":{"start":{"line":74,"column":29},"end":{"line":94,"column":6}},"locations":[{"start":{"line":74,"column":29},"end":{"line":94,"column":6}}]},"21":{"type":"branch","line":74,"loc":{"start":{"line":74,"column":65},"end":{"line":94,"column":6}},"locations":[{"start":{"line":74,"column":65},"end":{"line":94,"column":6}}]},"22":{"type":"branch","line":78,"loc":{"start":{"line":78,"column":-2},"end":{"line":79,"column":19}},"locations":[{"start":{"line":78,"column":-2},"end":{"line":79,"column":19}}]},"23":{"type":"branch","line":79,"loc":{"start":{"line":79,"column":19},"end":{"line":81,"column":9}},"locations":[{"start":{"line":79,"column":19},"end":{"line":81,"column":9}}]},"24":{"type":"branch","line":82,"loc":{"start":{"line":82,"column":-2},"end":{"line":83,"column":40}},"locations":[{"start":{"line":82,"column":-2},"end":{"line":83,"column":40}}]},"25":{"type":"branch","line":83,"loc":{"start":{"line":83,"column":40},"end":{"line":93,"column":7}},"locations":[{"start":{"line":83,"column":40},"end":{"line":93,"column":7}}]}},"b":{"0":[3],"1":[3],"2":[2],"3":[1],"4":[1],"5":[3],"6":[3],"7":[1],"8":[2],"9":[1],"10":[3],"11":[3],"12":[2],"13":[1],"14":[1],"15":[3],"16":[3],"17":[2],"18":[1],"19":[1],"20":[4],"21":[4],"22":[3],"23":[1],"24":[2],"25":[1]},"fnMap":{"0":{"name":"getAllUsers","decl":{"start":{"line":6,"column":27},"end":{"line":19,"column":2}},"loc":{"start":{"line":6,"column":27},"end":{"line":19,"column":2}},"line":6},"1":{"name":"registerUser","decl":{"start":{"line":22,"column":30},"end":{"line":39,"column":4}},"loc":{"start":{"line":22,"column":30},"end":{"line":39,"column":4}},"line":22},"2":{"name":"getSingleUser","decl":{"start":{"line":42,"column":31},"end":{"line":55,"column":4}},"loc":{"start":{"line":42,"column":31},"end":{"line":55,"column":4}},"line":42},"3":{"name":"deleteUser","decl":{"start":{"line":58,"column":30},"end":{"line":71,"column":6}},"loc":{"start":{"line":58,"column":30},"end":{"line":71,"column":6}},"line":58},"4":{"name":"loginUser","decl":{"start":{"line":74,"column":29},"end":{"line":94,"column":6}},"loc":{"start":{"line":74,"column":29},"end":{"line":94,"column":6}},"line":74}},"f":{"0":3,"1":3,"2":3,"3":3,"4":4}}
,"/Users/nono/Desktop/emmyATLP-my-brand-typescripts-updated/documentation/index.ts": {"path":"/Users/nono/Desktop/emmyATLP-my-brand-typescripts-updated/documentation/index.ts","all":false,"statementMap":{"0":{"start":{"line":1,"column":0},"end":{"line":1,"column":33}},"1":{"start":{"line":2,"column":0},"end":{"line":2,"column":50}},"2":{"start":{"line":3,"column":0},"end":{"line":3,"column":28}},"3":{"start":{"line":4,"column":0},"end":{"line":4,"column":0}},"4":{"start":{"line":5,"column":0},"end":{"line":5,"column":27}},"5":{"start":{"line":6,"column":0},"end":{"line":6,"column":16}},"6":{"start":{"line":7,"column":0},"end":{"line":7,"column":52}},"7":{"start":{"line":8,"column":0},"end":{"line":8,"column":17}},"8":{"start":{"line":9,"column":0},"end":{"line":9,"column":19}},"9":{"start":{"line":10,"column":0},"end":{"line":10,"column":9}},"10":{"start":{"line":11,"column":0},"end":{"line":11,"column":21}},"11":{"start":{"line":12,"column":0},"end":{"line":12,"column":21}},"12":{"start":{"line":13,"column":0},"end":{"line":13,"column":48}},"13":{"start":{"line":14,"column":0},"end":{"line":14,"column":4}},"14":{"start":{"line":15,"column":0},"end":{"line":15,"column":12}},"15":{"start":{"line":16,"column":0},"end":{"line":16,"column":5}},"16":{"start":{"line":17,"column":0},"end":{"line":17,"column":16}},"17":{"start":{"line":18,"column":0},"end":{"line":18,"column":6}},"18":{"start":{"line":19,"column":0},"end":{"line":19,"column":5}},"19":{"start":{"line":20,"column":0},"end":{"line":20,"column":48}},"20":{"start":{"line":21,"column":0},"end":{"line":21,"column":6}},"21":{"start":{"line":22,"column":0},"end":{"line":22,"column":0}},"22":{"start":{"line":23,"column":0},"end":{"line":23,"column":4}},"23":{"start":{"line":24,"column":0},"end":{"line":24,"column":16}},"24":{"start":{"line":25,"column":0},"end":{"line":25,"column":13}},"25":{"start":{"line":26,"column":0},"end":{"line":26,"column":5}},"26":{"start":{"line":27,"column":0},"end":{"line":27,"column":21}},"27":{"start":{"line":28,"column":0},"end":{"line":28,"column":6}},"28":{"start":{"line":29,"column":0},"end":{"line":29,"column":4}},"29":{"start":{"line":30,"column":0},"end":{"line":30,"column":11}},"30":{"start":{"line":31,"column":0},"end":{"line":31,"column":10}},"31":{"start":{"line":32,"column":0},"end":{"line":32,"column":10}},"32":{"start":{"line":33,"column":0},"end":{"line":33,"column":12}},"33":{"start":{"line":34,"column":0},"end":{"line":34,"column":27}},"34":{"start":{"line":35,"column":0},"end":{"line":35,"column":39}},"35":{"start":{"line":36,"column":0},"end":{"line":36,"column":23}},"36":{"start":{"line":37,"column":0},"end":{"line":37,"column":20}},"37":{"start":{"line":38,"column":0},"end":{"line":38,"column":16}},"38":{"start":{"line":39,"column":0},"end":{"line":39,"column":40}},"39":{"start":{"line":40,"column":0},"end":{"line":40,"column":12}},"40":{"start":{"line":41,"column":0},"end":{"line":41,"column":10}},"41":{"start":{"line":42,"column":0},"end":{"line":42,"column":8}},"42":{"start":{"line":43,"column":0},"end":{"line":43,"column":6}},"43":{"start":{"line":44,"column":0},"end":{"line":44,"column":22}},"44":{"start":{"line":45,"column":0},"end":{"line":45,"column":12}},"45":{"start":{"line":46,"column":0},"end":{"line":46,"column":23}},"46":{"start":{"line":47,"column":0},"end":{"line":47,"column":37}},"47":{"start":{"line":48,"column":0},"end":{"line":48,"column":23}},"48":{"start":{"line":49,"column":0},"end":{"line":49,"column":20}},"49":{"start":{"line":50,"column":0},"end":{"line":50,"column":16}},"50":{"start":{"line":51,"column":0},"end":{"line":51,"column":40}},"51":{"start":{"line":52,"column":0},"end":{"line":52,"column":12}},"52":{"start":{"line":53,"column":0},"end":{"line":53,"column":16}},"53":{"start":{"line":54,"column":0},"end":{"line":54,"column":40}},"54":{"start":{"line":55,"column":0},"end":{"line":55,"column":12}},"55":{"start":{"line":56,"column":0},"end":{"line":56,"column":10}},"56":{"start":{"line":57,"column":0},"end":{"line":57,"column":8}},"57":{"start":{"line":58,"column":0},"end":{"line":58,"column":6}},"58":{"start":{"line":59,"column":0},"end":{"line":59,"column":27}},"59":{"start":{"line":60,"column":0},"end":{"line":60,"column":12}},"60":{"start":{"line":61,"column":0},"end":{"line":61,"column":23}},"61":{"start":{"line":62,"column":0},"end":{"line":62,"column":39}},"62":{"start":{"line":63,"column":0},"end":{"line":63,"column":65}},"63":{"start":{"line":64,"column":0},"end":{"line":64,"column":20}},"64":{"start":{"line":65,"column":0},"end":{"line":65,"column":16}},"65":{"start":{"line":66,"column":0},"end":{"line":66,"column":40}},"66":{"start":{"line":67,"column":0},"end":{"line":67,"column":12}},"67":{"start":{"line":68,"column":0},"end":{"line":68,"column":16}},"68":{"start":{"line":69,"column":0},"end":{"line":69,"column":40}},"69":{"start":{"line":70,"column":0},"end":{"line":70,"column":12}},"70":{"start":{"line":71,"column":0},"end":{"line":71,"column":10}},"71":{"start":{"line":72,"column":0},"end":{"line":72,"column":8}},"72":{"start":{"line":73,"column":0},"end":{"line":73,"column":15}},"73":{"start":{"line":74,"column":0},"end":{"line":74,"column":23}},"74":{"start":{"line":75,"column":0},"end":{"line":75,"column":37}},"75":{"start":{"line":76,"column":0},"end":{"line":76,"column":65}},"76":{"start":{"line":77,"column":0},"end":{"line":77,"column":20}},"77":{"start":{"line":78,"column":0},"end":{"line":78,"column":16}},"78":{"start":{"line":79,"column":0},"end":{"line":79,"column":40}},"79":{"start":{"line":80,"column":0},"end":{"line":80,"column":12}},"80":{"start":{"line":81,"column":0},"end":{"line":81,"column":16}},"81":{"start":{"line":82,"column":0},"end":{"line":82,"column":39}},"82":{"start":{"line":83,"column":0},"end":{"line":83,"column":12}},"83":{"start":{"line":84,"column":0},"end":{"line":84,"column":16}},"84":{"start":{"line":85,"column":0},"end":{"line":85,"column":48}},"85":{"start":{"line":86,"column":0},"end":{"line":86,"column":12}},"86":{"start":{"line":87,"column":0},"end":{"line":87,"column":10}},"87":{"start":{"line":88,"column":0},"end":{"line":88,"column":8}},"88":{"start":{"line":89,"column":0},"end":{"line":89,"column":6}},"89":{"start":{"line":90,"column":0},"end":{"line":90,"column":28}},"90":{"start":{"line":91,"column":0},"end":{"line":91,"column":13}},"91":{"start":{"line":92,"column":0},"end":{"line":92,"column":23}},"92":{"start":{"line":93,"column":0},"end":{"line":93,"column":34}},"93":{"start":{"line":94,"column":0},"end":{"line":94,"column":22}},"94":{"start":{"line":95,"column":0},"end":{"line":95,"column":25}},"95":{"start":{"line":96,"column":0},"end":{"line":96,"column":20}},"96":{"start":{"line":97,"column":0},"end":{"line":97,"column":33}},"97":{"start":{"line":98,"column":0},"end":{"line":98,"column":23}},"98":{"start":{"line":99,"column":0},"end":{"line":99,"column":51}},"99":{"start":{"line":100,"column":0},"end":{"line":100,"column":16}},"100":{"start":{"line":101,"column":0},"end":{"line":101,"column":14}},"101":{"start":{"line":102,"column":0},"end":{"line":102,"column":12}},"102":{"start":{"line":103,"column":0},"end":{"line":103,"column":10}},"103":{"start":{"line":104,"column":0},"end":{"line":104,"column":20}},"104":{"start":{"line":105,"column":0},"end":{"line":105,"column":16}},"105":{"start":{"line":106,"column":0},"end":{"line":106,"column":40}},"106":{"start":{"line":107,"column":0},"end":{"line":107,"column":12}},"107":{"start":{"line":108,"column":0},"end":{"line":108,"column":16}},"108":{"start":{"line":109,"column":0},"end":{"line":109,"column":39}},"109":{"start":{"line":110,"column":0},"end":{"line":110,"column":12}},"110":{"start":{"line":111,"column":0},"end":{"line":111,"column":16}},"111":{"start":{"line":112,"column":0},"end":{"line":112,"column":40}},"112":{"start":{"line":113,"column":0},"end":{"line":113,"column":12}},"113":{"start":{"line":114,"column":0},"end":{"line":114,"column":10}},"114":{"start":{"line":115,"column":0},"end":{"line":115,"column":8}},"115":{"start":{"line":116,"column":0},"end":{"line":116,"column":6}},"116":{"start":{"line":117,"column":0},"end":{"line":117,"column":31}},"117":{"start":{"line":118,"column":0},"end":{"line":118,"column":13}},"118":{"start":{"line":119,"column":0},"end":{"line":119,"column":23}},"119":{"start":{"line":120,"column":0},"end":{"line":120,"column":34}},"120":{"start":{"line":121,"column":0},"end":{"line":121,"column":22}},"121":{"start":{"line":122,"column":0},"end":{"line":122,"column":25}},"122":{"start":{"line":123,"column":0},"end":{"line":123,"column":20}},"123":{"start":{"line":124,"column":0},"end":{"line":124,"column":33}},"124":{"start":{"line":125,"column":0},"end":{"line":125,"column":23}},"125":{"start":{"line":126,"column":0},"end":{"line":126,"column":54}},"126":{"start":{"line":127,"column":0},"end":{"line":127,"column":16}},"127":{"start":{"line":128,"column":0},"end":{"line":128,"column":14}},"128":{"start":{"line":129,"column":0},"end":{"line":129,"column":12}},"129":{"start":{"line":130,"column":0},"end":{"line":130,"column":10}},"130":{"start":{"line":131,"column":0},"end":{"line":131,"column":20}},"131":{"start":{"line":132,"column":0},"end":{"line":132,"column":16}},"132":{"start":{"line":133,"column":0},"end":{"line":133,"column":40}},"133":{"start":{"line":134,"column":0},"end":{"line":134,"column":12}},"134":{"start":{"line":135,"column":0},"end":{"line":135,"column":16}},"135":{"start":{"line":136,"column":0},"end":{"line":136,"column":39}},"136":{"start":{"line":137,"column":0},"end":{"line":137,"column":12}},"137":{"start":{"line":138,"column":0},"end":{"line":138,"column":16}},"138":{"start":{"line":139,"column":0},"end":{"line":139,"column":40}},"139":{"start":{"line":140,"column":0},"end":{"line":140,"column":12}},"140":{"start":{"line":141,"column":0},"end":{"line":141,"column":16}},"141":{"start":{"line":142,"column":0},"end":{"line":142,"column":40}},"142":{"start":{"line":143,"column":0},"end":{"line":143,"column":12}},"143":{"start":{"line":144,"column":0},"end":{"line":144,"column":10}},"144":{"start":{"line":145,"column":0},"end":{"line":145,"column":8}},"145":{"start":{"line":146,"column":0},"end":{"line":146,"column":6}},"146":{"start":{"line":147,"column":0},"end":{"line":147,"column":25}},"147":{"start":{"line":148,"column":0},"end":{"line":148,"column":12}},"148":{"start":{"line":149,"column":0},"end":{"line":149,"column":27}},"149":{"start":{"line":150,"column":0},"end":{"line":150,"column":36}},"150":{"start":{"line":151,"column":0},"end":{"line":151,"column":20}},"151":{"start":{"line":152,"column":0},"end":{"line":152,"column":16}},"152":{"start":{"line":153,"column":0},"end":{"line":153,"column":40}},"153":{"start":{"line":154,"column":0},"end":{"line":154,"column":12}},"154":{"start":{"line":155,"column":0},"end":{"line":155,"column":16}},"155":{"start":{"line":156,"column":0},"end":{"line":156,"column":45}},"156":{"start":{"line":157,"column":0},"end":{"line":157,"column":12}},"157":{"start":{"line":158,"column":0},"end":{"line":158,"column":16}},"158":{"start":{"line":159,"column":0},"end":{"line":159,"column":40}},"159":{"start":{"line":160,"column":0},"end":{"line":160,"column":12}},"160":{"start":{"line":161,"column":0},"end":{"line":161,"column":10}},"161":{"start":{"line":162,"column":0},"end":{"line":162,"column":8}},"162":{"start":{"line":163,"column":0},"end":{"line":163,"column":13}},"163":{"start":{"line":164,"column":0},"end":{"line":164,"column":27}},"164":{"start":{"line":165,"column":0},"end":{"line":165,"column":40}},"165":{"start":{"line":166,"column":0},"end":{"line":166,"column":22}},"166":{"start":{"line":167,"column":0},"end":{"line":167,"column":25}},"167":{"start":{"line":168,"column":0},"end":{"line":168,"column":20}},"168":{"start":{"line":169,"column":0},"end":{"line":169,"column":33}},"169":{"start":{"line":170,"column":0},"end":{"line":170,"column":23}},"170":{"start":{"line":171,"column":0},"end":{"line":171,"column":53}},"171":{"start":{"line":172,"column":0},"end":{"line":172,"column":16}},"172":{"start":{"line":173,"column":0},"end":{"line":173,"column":14}},"173":{"start":{"line":174,"column":0},"end":{"line":174,"column":12}},"174":{"start":{"line":175,"column":0},"end":{"line":175,"column":10}},"175":{"start":{"line":176,"column":0},"end":{"line":176,"column":20}},"176":{"start":{"line":177,"column":0},"end":{"line":177,"column":16}},"177":{"start":{"line":178,"column":0},"end":{"line":178,"column":40}},"178":{"start":{"line":179,"column":0},"end":{"line":179,"column":12}},"179":{"start":{"line":180,"column":0},"end":{"line":180,"column":16}},"180":{"start":{"line":181,"column":0},"end":{"line":181,"column":40}},"181":{"start":{"line":182,"column":0},"end":{"line":182,"column":12}},"182":{"start":{"line":183,"column":0},"end":{"line":183,"column":10}},"183":{"start":{"line":184,"column":0},"end":{"line":184,"column":8}},"184":{"start":{"line":185,"column":0},"end":{"line":185,"column":6}},"185":{"start":{"line":186,"column":0},"end":{"line":186,"column":30}},"186":{"start":{"line":187,"column":0},"end":{"line":187,"column":12}},"187":{"start":{"line":188,"column":0},"end":{"line":188,"column":27}},"188":{"start":{"line":189,"column":0},"end":{"line":189,"column":42}},"189":{"start":{"line":190,"column":0},"end":{"line":190,"column":65}},"190":{"start":{"line":191,"column":0},"end":{"line":191,"column":20}},"191":{"start":{"line":192,"column":0},"end":{"line":192,"column":16}},"192":{"start":{"line":193,"column":0},"end":{"line":193,"column":40}},"193":{"start":{"line":194,"column":0},"end":{"line":194,"column":12}},"194":{"start":{"line":195,"column":0},"end":{"line":195,"column":16}},"195":{"start":{"line":196,"column":0},"end":{"line":196,"column":45}},"196":{"start":{"line":197,"column":0},"end":{"line":197,"column":12}},"197":{"start":{"line":198,"column":0},"end":{"line":198,"column":16}},"198":{"start":{"line":199,"column":0},"end":{"line":199,"column":40}},"199":{"start":{"line":200,"column":0},"end":{"line":200,"column":12}},"200":{"start":{"line":201,"column":0},"end":{"line":201,"column":10}},"201":{"start":{"line":202,"column":0},"end":{"line":202,"column":8}},"202":{"start":{"line":203,"column":0},"end":{"line":203,"column":15}},"203":{"start":{"line":204,"column":0},"end":{"line":204,"column":27}},"204":{"start":{"line":205,"column":0},"end":{"line":205,"column":40}},"205":{"start":{"line":206,"column":0},"end":{"line":206,"column":65}},"206":{"start":{"line":207,"column":0},"end":{"line":207,"column":20}},"207":{"start":{"line":208,"column":0},"end":{"line":208,"column":16}},"208":{"start":{"line":209,"column":0},"end":{"line":209,"column":40}},"209":{"start":{"line":210,"column":0},"end":{"line":210,"column":12}},"210":{"start":{"line":211,"column":0},"end":{"line":211,"column":16}},"211":{"start":{"line":212,"column":0},"end":{"line":212,"column":40}},"212":{"start":{"line":213,"column":0},"end":{"line":213,"column":12}},"213":{"start":{"line":214,"column":0},"end":{"line":214,"column":16}},"214":{"start":{"line":215,"column":0},"end":{"line":215,"column":37}},"215":{"start":{"line":216,"column":0},"end":{"line":216,"column":12}},"216":{"start":{"line":217,"column":0},"end":{"line":217,"column":16}},"217":{"start":{"line":218,"column":0},"end":{"line":218,"column":40}},"218":{"start":{"line":219,"column":0},"end":{"line":219,"column":12}},"219":{"start":{"line":220,"column":0},"end":{"line":220,"column":10}},"220":{"start":{"line":221,"column":0},"end":{"line":221,"column":8}},"221":{"start":{"line":222,"column":0},"end":{"line":222,"column":6}},"222":{"start":{"line":223,"column":0},"end":{"line":223,"column":25}},"223":{"start":{"line":224,"column":0},"end":{"line":224,"column":12}},"224":{"start":{"line":225,"column":0},"end":{"line":225,"column":27}},"225":{"start":{"line":226,"column":0},"end":{"line":226,"column":36}},"226":{"start":{"line":227,"column":0},"end":{"line":227,"column":20}},"227":{"start":{"line":228,"column":0},"end":{"line":228,"column":16}},"228":{"start":{"line":229,"column":0},"end":{"line":229,"column":40}},"229":{"start":{"line":230,"column":0},"end":{"line":230,"column":12}},"230":{"start":{"line":231,"column":0},"end":{"line":231,"column":16}},"231":{"start":{"line":232,"column":0},"end":{"line":232,"column":40}},"232":{"start":{"line":233,"column":0},"end":{"line":233,"column":12}},"233":{"start":{"line":234,"column":0},"end":{"line":234,"column":16}},"234":{"start":{"line":235,"column":0},"end":{"line":235,"column":45}},"235":{"start":{"line":236,"column":0},"end":{"line":236,"column":12}},"236":{"start":{"line":237,"column":0},"end":{"line":237,"column":16}},"237":{"start":{"line":238,"column":0},"end":{"line":238,"column":40}},"238":{"start":{"line":239,"column":0},"end":{"line":239,"column":12}},"239":{"start":{"line":240,"column":0},"end":{"line":240,"column":10}},"240":{"start":{"line":241,"column":0},"end":{"line":241,"column":8}},"241":{"start":{"line":242,"column":0},"end":{"line":242,"column":13}},"242":{"start":{"line":243,"column":0},"end":{"line":243,"column":27}},"243":{"start":{"line":244,"column":0},"end":{"line":244,"column":40}},"244":{"start":{"line":245,"column":0},"end":{"line":245,"column":22}},"245":{"start":{"line":246,"column":0},"end":{"line":246,"column":25}},"246":{"start":{"line":247,"column":0},"end":{"line":247,"column":20}},"247":{"start":{"line":248,"column":0},"end":{"line":248,"column":33}},"248":{"start":{"line":249,"column":0},"end":{"line":249,"column":23}},"249":{"start":{"line":250,"column":0},"end":{"line":250,"column":53}},"250":{"start":{"line":251,"column":0},"end":{"line":251,"column":16}},"251":{"start":{"line":252,"column":0},"end":{"line":252,"column":14}},"252":{"start":{"line":253,"column":0},"end":{"line":253,"column":12}},"253":{"start":{"line":254,"column":0},"end":{"line":254,"column":10}},"254":{"start":{"line":255,"column":0},"end":{"line":255,"column":20}},"255":{"start":{"line":256,"column":0},"end":{"line":256,"column":16}},"256":{"start":{"line":257,"column":0},"end":{"line":257,"column":40}},"257":{"start":{"line":258,"column":0},"end":{"line":258,"column":12}},"258":{"start":{"line":259,"column":0},"end":{"line":259,"column":16}},"259":{"start":{"line":260,"column":0},"end":{"line":260,"column":40}},"260":{"start":{"line":261,"column":0},"end":{"line":261,"column":12}},"261":{"start":{"line":262,"column":0},"end":{"line":262,"column":10}},"262":{"start":{"line":263,"column":0},"end":{"line":263,"column":8}},"263":{"start":{"line":264,"column":0},"end":{"line":264,"column":6}},"264":{"start":{"line":265,"column":0},"end":{"line":265,"column":30}},"265":{"start":{"line":266,"column":0},"end":{"line":266,"column":12}},"266":{"start":{"line":267,"column":0},"end":{"line":267,"column":27}},"267":{"start":{"line":268,"column":0},"end":{"line":268,"column":42}},"268":{"start":{"line":269,"column":0},"end":{"line":269,"column":65}},"269":{"start":{"line":270,"column":0},"end":{"line":270,"column":20}},"270":{"start":{"line":271,"column":0},"end":{"line":271,"column":16}},"271":{"start":{"line":272,"column":0},"end":{"line":272,"column":40}},"272":{"start":{"line":273,"column":0},"end":{"line":273,"column":12}},"273":{"start":{"line":274,"column":0},"end":{"line":274,"column":16}},"274":{"start":{"line":275,"column":0},"end":{"line":275,"column":41}},"275":{"start":{"line":276,"column":0},"end":{"line":276,"column":12}},"276":{"start":{"line":277,"column":0},"end":{"line":277,"column":16}},"277":{"start":{"line":278,"column":0},"end":{"line":278,"column":45}},"278":{"start":{"line":279,"column":0},"end":{"line":279,"column":12}},"279":{"start":{"line":280,"column":0},"end":{"line":280,"column":16}},"280":{"start":{"line":281,"column":0},"end":{"line":281,"column":40}},"281":{"start":{"line":282,"column":0},"end":{"line":282,"column":12}},"282":{"start":{"line":283,"column":0},"end":{"line":283,"column":10}},"283":{"start":{"line":284,"column":0},"end":{"line":284,"column":8}},"284":{"start":{"line":285,"column":0},"end":{"line":285,"column":15}},"285":{"start":{"line":286,"column":0},"end":{"line":286,"column":27}},"286":{"start":{"line":287,"column":0},"end":{"line":287,"column":40}},"287":{"start":{"line":288,"column":0},"end":{"line":288,"column":65}},"288":{"start":{"line":289,"column":0},"end":{"line":289,"column":20}},"289":{"start":{"line":290,"column":0},"end":{"line":290,"column":16}},"290":{"start":{"line":291,"column":0},"end":{"line":291,"column":40}},"291":{"start":{"line":292,"column":0},"end":{"line":292,"column":12}},"292":{"start":{"line":293,"column":0},"end":{"line":293,"column":16}},"293":{"start":{"line":294,"column":0},"end":{"line":294,"column":40}},"294":{"start":{"line":295,"column":0},"end":{"line":295,"column":12}},"295":{"start":{"line":296,"column":0},"end":{"line":296,"column":16}},"296":{"start":{"line":297,"column":0},"end":{"line":297,"column":37}},"297":{"start":{"line":298,"column":0},"end":{"line":298,"column":12}},"298":{"start":{"line":299,"column":0},"end":{"line":299,"column":16}},"299":{"start":{"line":300,"column":0},"end":{"line":300,"column":40}},"300":{"start":{"line":301,"column":0},"end":{"line":301,"column":12}},"301":{"start":{"line":302,"column":0},"end":{"line":302,"column":10}},"302":{"start":{"line":303,"column":0},"end":{"line":303,"column":8}},"303":{"start":{"line":304,"column":0},"end":{"line":304,"column":6}},"304":{"start":{"line":305,"column":0},"end":{"line":305,"column":25}},"305":{"start":{"line":306,"column":0},"end":{"line":306,"column":12}},"306":{"start":{"line":307,"column":0},"end":{"line":307,"column":27}},"307":{"start":{"line":308,"column":0},"end":{"line":308,"column":40}},"308":{"start":{"line":309,"column":0},"end":{"line":309,"column":20}},"309":{"start":{"line":310,"column":0},"end":{"line":310,"column":16}},"310":{"start":{"line":311,"column":0},"end":{"line":311,"column":40}},"311":{"start":{"line":312,"column":0},"end":{"line":312,"column":12}},"312":{"start":{"line":313,"column":0},"end":{"line":313,"column":16}},"313":{"start":{"line":314,"column":0},"end":{"line":314,"column":44}},"314":{"start":{"line":315,"column":0},"end":{"line":315,"column":12}},"315":{"start":{"line":316,"column":0},"end":{"line":316,"column":16}},"316":{"start":{"line":317,"column":0},"end":{"line":317,"column":40}},"317":{"start":{"line":318,"column":0},"end":{"line":318,"column":12}},"318":{"start":{"line":319,"column":0},"end":{"line":319,"column":10}},"319":{"start":{"line":320,"column":0},"end":{"line":320,"column":8}},"320":{"start":{"line":321,"column":0},"end":{"line":321,"column":13}},"321":{"start":{"line":322,"column":0},"end":{"line":322,"column":27}},"322":{"start":{"line":323,"column":0},"end":{"line":323,"column":41}},"323":{"start":{"line":324,"column":0},"end":{"line":324,"column":22}},"324":{"start":{"line":325,"column":0},"end":{"line":325,"column":25}},"325":{"start":{"line":326,"column":0},"end":{"line":326,"column":20}},"326":{"start":{"line":327,"column":0},"end":{"line":327,"column":33}},"327":{"start":{"line":328,"column":0},"end":{"line":328,"column":23}},"328":{"start":{"line":329,"column":0},"end":{"line":329,"column":53}},"329":{"start":{"line":330,"column":0},"end":{"line":330,"column":16}},"330":{"start":{"line":331,"column":0},"end":{"line":331,"column":14}},"331":{"start":{"line":332,"column":0},"end":{"line":332,"column":12}},"332":{"start":{"line":333,"column":0},"end":{"line":333,"column":10}},"333":{"start":{"line":334,"column":0},"end":{"line":334,"column":20}},"334":{"start":{"line":335,"column":0},"end":{"line":335,"column":16}},"335":{"start":{"line":336,"column":0},"end":{"line":336,"column":40}},"336":{"start":{"line":337,"column":0},"end":{"line":337,"column":12}},"337":{"start":{"line":338,"column":0},"end":{"line":338,"column":16}},"338":{"start":{"line":339,"column":0},"end":{"line":339,"column":52}},"339":{"start":{"line":340,"column":0},"end":{"line":340,"column":12}},"340":{"start":{"line":341,"column":0},"end":{"line":341,"column":16}},"341":{"start":{"line":342,"column":0},"end":{"line":342,"column":40}},"342":{"start":{"line":343,"column":0},"end":{"line":343,"column":12}},"343":{"start":{"line":344,"column":0},"end":{"line":344,"column":16}},"344":{"start":{"line":345,"column":0},"end":{"line":345,"column":40}},"345":{"start":{"line":346,"column":0},"end":{"line":346,"column":12}},"346":{"start":{"line":347,"column":0},"end":{"line":347,"column":10}},"347":{"start":{"line":348,"column":0},"end":{"line":348,"column":8}},"348":{"start":{"line":349,"column":0},"end":{"line":349,"column":6}},"349":{"start":{"line":350,"column":0},"end":{"line":350,"column":30}},"350":{"start":{"line":351,"column":0},"end":{"line":351,"column":12}},"351":{"start":{"line":352,"column":0},"end":{"line":352,"column":27}},"352":{"start":{"line":353,"column":0},"end":{"line":353,"column":44}},"353":{"start":{"line":354,"column":0},"end":{"line":354,"column":65}},"354":{"start":{"line":355,"column":0},"end":{"line":355,"column":20}},"355":{"start":{"line":356,"column":0},"end":{"line":356,"column":16}},"356":{"start":{"line":357,"column":0},"end":{"line":357,"column":40}},"357":{"start":{"line":358,"column":0},"end":{"line":358,"column":12}},"358":{"start":{"line":359,"column":0},"end":{"line":359,"column":16}},"359":{"start":{"line":360,"column":0},"end":{"line":360,"column":45}},"360":{"start":{"line":361,"column":0},"end":{"line":361,"column":12}},"361":{"start":{"line":362,"column":0},"end":{"line":362,"column":16}},"362":{"start":{"line":363,"column":0},"end":{"line":363,"column":40}},"363":{"start":{"line":364,"column":0},"end":{"line":364,"column":12}},"364":{"start":{"line":365,"column":0},"end":{"line":365,"column":10}},"365":{"start":{"line":366,"column":0},"end":{"line":366,"column":8}},"366":{"start":{"line":367,"column":0},"end":{"line":367,"column":15}},"367":{"start":{"line":368,"column":0},"end":{"line":368,"column":27}},"368":{"start":{"line":369,"column":0},"end":{"line":369,"column":41}},"369":{"start":{"line":370,"column":0},"end":{"line":370,"column":65}},"370":{"start":{"line":371,"column":0},"end":{"line":371,"column":20}},"371":{"start":{"line":372,"column":0},"end":{"line":372,"column":16}},"372":{"start":{"line":373,"column":0},"end":{"line":373,"column":40}},"373":{"start":{"line":374,"column":0},"end":{"line":374,"column":12}},"374":{"start":{"line":375,"column":0},"end":{"line":375,"column":16}},"375":{"start":{"line":376,"column":0},"end":{"line":376,"column":40}},"376":{"start":{"line":377,"column":0},"end":{"line":377,"column":12}},"377":{"start":{"line":378,"column":0},"end":{"line":378,"column":16}},"378":{"start":{"line":379,"column":0},"end":{"line":379,"column":37}},"379":{"start":{"line":380,"column":0},"end":{"line":380,"column":12}},"380":{"start":{"line":381,"column":0},"end":{"line":381,"column":16}},"381":{"start":{"line":382,"column":0},"end":{"line":382,"column":40}},"382":{"start":{"line":383,"column":0},"end":{"line":383,"column":12}},"383":{"start":{"line":384,"column":0},"end":{"line":384,"column":10}},"384":{"start":{"line":385,"column":0},"end":{"line":385,"column":8}},"385":{"start":{"line":386,"column":0},"end":{"line":386,"column":6}},"386":{"start":{"line":387,"column":0},"end":{"line":387,"column":4}},"387":{"start":{"line":388,"column":0},"end":{"line":388,"column":0}},"388":{"start":{"line":389,"column":0},"end":{"line":389,"column":27}},"389":{"start":{"line":390,"column":0},"end":{"line":390,"column":7}},"390":{"start":{"line":391,"column":0},"end":{"line":391,"column":15}},"391":{"start":{"line":392,"column":0},"end":{"line":392,"column":22}},"392":{"start":{"line":393,"column":0},"end":{"line":393,"column":19}},"393":{"start":{"line":394,"column":0},"end":{"line":394,"column":21}},"394":{"start":{"line":395,"column":0},"end":{"line":395,"column":25}},"395":{"start":{"line":396,"column":0},"end":{"line":396,"column":28}},"396":{"start":{"line":397,"column":0},"end":{"line":397,"column":8}},"397":{"start":{"line":398,"column":0},"end":{"line":398,"column":6}},"398":{"start":{"line":399,"column":0},"end":{"line":399,"column":14}},"399":{"start":{"line":400,"column":0},"end":{"line":400,"column":17}},"400":{"start":{"line":401,"column":0},"end":{"line":401,"column":23}},"401":{"start":{"line":402,"column":0},"end":{"line":402,"column":21}},"402":{"start":{"line":403,"column":0},"end":{"line":403,"column":17}},"403":{"start":{"line":404,"column":0},"end":{"line":404,"column":27}},"404":{"start":{"line":405,"column":0},"end":{"line":405,"column":27}},"405":{"start":{"line":406,"column":0},"end":{"line":406,"column":40}},"406":{"start":{"line":407,"column":0},"end":{"line":407,"column":12}},"407":{"start":{"line":408,"column":0},"end":{"line":408,"column":18}},"408":{"start":{"line":409,"column":0},"end":{"line":409,"column":27}},"409":{"start":{"line":410,"column":0},"end":{"line":410,"column":27}},"410":{"start":{"line":411,"column":0},"end":{"line":411,"column":41}},"411":{"start":{"line":412,"column":0},"end":{"line":412,"column":12}},"412":{"start":{"line":413,"column":0},"end":{"line":413,"column":21}},"413":{"start":{"line":414,"column":0},"end":{"line":414,"column":27}},"414":{"start":{"line":415,"column":0},"end":{"line":415,"column":27}},"415":{"start":{"line":416,"column":0},"end":{"line":416,"column":44}},"416":{"start":{"line":417,"column":0},"end":{"line":417,"column":12}},"417":{"start":{"line":418,"column":0},"end":{"line":418,"column":21}},"418":{"start":{"line":419,"column":0},"end":{"line":419,"column":27}},"419":{"start":{"line":420,"column":0},"end":{"line":420,"column":27}},"420":{"start":{"line":421,"column":0},"end":{"line":421,"column":39}},"421":{"start":{"line":422,"column":0},"end":{"line":422,"column":12}},"422":{"start":{"line":423,"column":0},"end":{"line":423,"column":1}},"423":{"start":{"line":424,"column":0},"end":{"line":424,"column":10}},"424":{"start":{"line":425,"column":0},"end":{"line":425,"column":18}},"425":{"start":{"line":426,"column":0},"end":{"line":426,"column":27}},"426":{"start":{"line":427,"column":0},"end":{"line":427,"column":37}},"427":{"start":{"line":428,"column":0},"end":{"line":428,"column":34}},"428":{"start":{"line":429,"column":0},"end":{"line":429,"column":34}},"429":{"start":{"line":430,"column":0},"end":{"line":430,"column":10}},"430":{"start":{"line":431,"column":0},"end":{"line":431,"column":8}},"431":{"start":{"line":432,"column":0},"end":{"line":432,"column":14}},"432":{"start":{"line":433,"column":0},"end":{"line":433,"column":23}},"433":{"start":{"line":434,"column":0},"end":{"line":434,"column":21}},"434":{"start":{"line":435,"column":0},"end":{"line":435,"column":18}},"435":{"start":{"line":436,"column":0},"end":{"line":436,"column":27}},"436":{"start":{"line":437,"column":0},"end":{"line":437,"column":27}},"437":{"start":{"line":438,"column":0},"end":{"line":438,"column":41}},"438":{"start":{"line":439,"column":0},"end":{"line":439,"column":12}},"439":{"start":{"line":440,"column":0},"end":{"line":440,"column":21}},"440":{"start":{"line":441,"column":0},"end":{"line":441,"column":27}},"441":{"start":{"line":442,"column":0},"end":{"line":442,"column":44}},"442":{"start":{"line":443,"column":0},"end":{"line":443,"column":12}},"443":{"start":{"line":444,"column":0},"end":{"line":444,"column":10}},"444":{"start":{"line":445,"column":0},"end":{"line":445,"column":18}},"445":{"start":{"line":446,"column":0},"end":{"line":446,"column":37}},"446":{"start":{"line":447,"column":0},"end":{"line":447,"column":34}},"447":{"start":{"line":448,"column":0},"end":{"line":448,"column":10}},"448":{"start":{"line":449,"column":0},"end":{"line":449,"column":8}},"449":{"start":{"line":450,"column":0},"end":{"line":450,"column":16}},"450":{"start":{"line":451,"column":0},"end":{"line":451,"column":23}},"451":{"start":{"line":452,"column":0},"end":{"line":452,"column":21}},"452":{"start":{"line":453,"column":0},"end":{"line":453,"column":17}},"453":{"start":{"line":454,"column":0},"end":{"line":454,"column":27}},"454":{"start":{"line":455,"column":0},"end":{"line":455,"column":27}},"455":{"start":{"line":456,"column":0},"end":{"line":456,"column":40}},"456":{"start":{"line":457,"column":0},"end":{"line":457,"column":12}},"457":{"start":{"line":458,"column":0},"end":{"line":458,"column":20}},"458":{"start":{"line":459,"column":0},"end":{"line":459,"column":27}},"459":{"start":{"line":460,"column":0},"end":{"line":460,"column":27}},"460":{"start":{"line":461,"column":0},"end":{"line":461,"column":43}},"461":{"start":{"line":462,"column":0},"end":{"line":462,"column":13}},"462":{"start":{"line":463,"column":0},"end":{"line":463,"column":10}},"463":{"start":{"line":464,"column":0},"end":{"line":464,"column":18}},"464":{"start":{"line":465,"column":0},"end":{"line":465,"column":27}},"465":{"start":{"line":466,"column":0},"end":{"line":466,"column":31}},"466":{"start":{"line":467,"column":0},"end":{"line":467,"column":10}},"467":{"start":{"line":468,"column":0},"end":{"line":468,"column":8}},"468":{"start":{"line":469,"column":0},"end":{"line":469,"column":16}},"469":{"start":{"line":470,"column":0},"end":{"line":470,"column":23}},"470":{"start":{"line":471,"column":0},"end":{"line":471,"column":21}},"471":{"start":{"line":472,"column":0},"end":{"line":472,"column":17}},"472":{"start":{"line":473,"column":0},"end":{"line":473,"column":27}},"473":{"start":{"line":474,"column":0},"end":{"line":474,"column":27}},"474":{"start":{"line":475,"column":0},"end":{"line":475,"column":40}},"475":{"start":{"line":476,"column":0},"end":{"line":476,"column":12}},"476":{"start":{"line":477,"column":0},"end":{"line":477,"column":18}},"477":{"start":{"line":478,"column":0},"end":{"line":478,"column":27}},"478":{"start":{"line":479,"column":0},"end":{"line":479,"column":27}},"479":{"start":{"line":480,"column":0},"end":{"line":480,"column":41}},"480":{"start":{"line":481,"column":0},"end":{"line":481,"column":13}},"481":{"start":{"line":482,"column":0},"end":{"line":482,"column":20}},"482":{"start":{"line":483,"column":0},"end":{"line":483,"column":27}},"483":{"start":{"line":484,"column":0},"end":{"line":484,"column":27}},"484":{"start":{"line":485,"column":0},"end":{"line":485,"column":43}},"485":{"start":{"line":486,"column":0},"end":{"line":486,"column":13}},"486":{"start":{"line":487,"column":0},"end":{"line":487,"column":10}},"487":{"start":{"line":488,"column":0},"end":{"line":488,"column":18}},"488":{"start":{"line":489,"column":0},"end":{"line":489,"column":27}},"489":{"start":{"line":490,"column":0},"end":{"line":490,"column":37}},"490":{"start":{"line":491,"column":0},"end":{"line":491,"column":37}},"491":{"start":{"line":492,"column":0},"end":{"line":492,"column":10}},"492":{"start":{"line":493,"column":0},"end":{"line":493,"column":8}},"493":{"start":{"line":494,"column":0},"end":{"line":494,"column":16}},"494":{"start":{"line":495,"column":0},"end":{"line":495,"column":23}},"495":{"start":{"line":496,"column":0},"end":{"line":496,"column":21}},"496":{"start":{"line":497,"column":0},"end":{"line":497,"column":18}},"497":{"start":{"line":498,"column":0},"end":{"line":498,"column":27}},"498":{"start":{"line":499,"column":0},"end":{"line":499,"column":27}},"499":{"start":{"line":500,"column":0},"end":{"line":500,"column":51}},"500":{"start":{"line":501,"column":0},"end":{"li
[...]
,"/Users/nono/Desktop/emmyATLP-my-brand-typescripts-updated/routes/api/article.routes.ts": {"path":"/Users/nono/Desktop/emmyATLP-my-brand-typescripts-updated/routes/api/article.routes.ts","all":false,"statementMap":{"0":{"start":{"line":1,"column":0},"end":{"line":1,"column":33}},"1":{"start":{"line":2,"column":0},"end":{"line":2,"column":59}},"2":{"start":{"line":3,"column":0},"end":{"line":3,"column":108}},"3":{"start":{"line":4,"column":0},"end":{"line":4,"column":56}},"4":{"start":{"line":5,"column":0},"end":{"line":5,"column":0}},"5":{"start":{"line":6,"column":0},"end":{"line":6,"column":0}},"6":{"start":{"line":7,"column":0},"end":{"line":7,"column":31}},"7":{"start":{"line":8,"column":0},"end":{"line":8,"column":0}},"8":{"start":{"line":9,"column":0},"end":{"line":9,"column":0}},"9":{"start":{"line":10,"column":0},"end":{"line":10,"column":82}},"10":{"start":{"line":11,"column":0},"end":{"line":11,"column":80}},"11":{"start":{"line":12,"column":0},"end":{"line":12,"column":68}},"12":{"start":{"line":13,"column":0},"end":{"line":13,"column":2}},"13":{"start":{"line":14,"column":0},"end":{"line":14,"column":21}},"14":{"start":{"line":15,"column":0},"end":{"line":15,"column":41}},"15":{"start":{"line":16,"column":0},"end":{"line":16,"column":2}},"16":{"start":{"line":17,"column":0},"end":{"line":17,"column":23}},"17":{"start":{"line":18,"column":0},"end":{"line":18,"column":46}},"18":{"start":{"line":19,"column":0},"end":{"line":19,"column":2}},"19":{"start":{"line":20,"column":0},"end":{"line":20,"column":69}},"20":{"start":{"line":21,"column":0},"end":{"line":21,"column":14}},"21":{"start":{"line":22,"column":0},"end":{"line":22,"column":58}},"22":{"start":{"line":23,"column":0},"end":{"line":23,"column":0}},"23":{"start":{"line":24,"column":0},"end":{"line":24,"column":29}}},"s":{"0":1,"1":1,"2":1,"3":1,"4":1,"5":1,"6":1,"7":1,"8":1,"9":1,"10":1,"11":1,"12":1,"13":1,"14":1,"15":1,"16":1,"17":1,"18":1,"19":1,"20":1,"21":1,"22":1,"23":1},"branchMap":{},"b":{},"fnMap":{},"f":{}}
,"/Users/nono/Desktop/emmyATLP-my-brand-typescripts-updated/routes/api/comment.routes.ts": {"path":"/Users/nono/Desktop/emmyATLP-my-brand-typescripts-updated/routes/api/comment.routes.ts","all":false,"statementMap":{"0":{"start":{"line":1,"column":0},"end":{"line":1,"column":33}},"1":{"start":{"line":2,"column":0},"end":{"line":2,"column":23}},"2":{"start":{"line":3,"column":0},"end":{"line":3,"column":16}},"3":{"start":{"line":4,"column":0},"end":{"line":4,"column":17}},"4":{"start":{"line":5,"column":0},"end":{"line":5,"column":19}},"5":{"start":{"line":6,"column":0},"end":{"line":6,"column":36}},"6":{"start":{"line":7,"column":0},"end":{"line":7,"column":59}},"7":{"start":{"line":8,"column":0},"end":{"line":8,"column":56}},"8":{"start":{"line":9,"column":0},"end":{"line":9,"column":0}},"9":{"start":{"line":10,"column":0},"end":{"line":10,"column":31}},"10":{"start":{"line":11,"column":0},"end":{"line":11,"column":0}},"11":{"start":{"line":12,"column":0},"end":{"line":12,"column":59}},"12":{"start":{"line":13,"column":0},"end":{"line":13,"column":56}},"13":{"start":{"line":14,"column":0},"end":{"line":14,"column":0}},"14":{"start":{"line":15,"column":0},"end":{"line":15,"column":47}},"15":{"start":{"line":16,"column":0},"end":{"line":16,"column":39}},"16":{"start":{"line":17,"column":0},"end":{"line":17,"column":0}},"17":{"start":{"line":18,"column":0},"end":{"line":18,"column":27}},"18":{"start":{"line":19,"column":0},"end":{"line":19,"column":44}},"19":{"start":{"line":20,"column":0},"end":{"line":20,"column":0}},"20":{"start":{"line":21,"column":0},"end":{"line":21,"column":25}},"21":{"start":{"line":22,"column":0},"end":{"line":22,"column":56}},"22":{"start":{"line":23,"column":0},"end":{"line":23,"column":0}},"23":{"start":{"line":24,"column":0},"end":{"line":24,"column":29}}},"s":{"0":1,"1":1,"2":1,"3":1,"4":1,"5":1,"6":1,"7":1,"8":1,"9":1,"10":1,"11":1,"12":1,"13":1,"14":1,"15":1,"16":1,"17":1,"18":1,"19":1,"20":1,"21":1,"22":1,"23":1},"branchMap":{},"b":{},"fnMap":{},"f":{}}
,"/Users/nono/Desktop/emmyATLP-my-brand-typescripts-updated/routes/api/message.routes.ts": {"path":"/Users/nono/Desktop/emmyATLP-my-brand-typescripts-updated/routes/api/message.routes.ts","all":false,"statementMap":{"0":{"start":{"line":1,"column":0},"end":{"line":1,"column":33}},"1":{"start":{"line":2,"column":0},"end":{"line":2,"column":107}},"2":{"start":{"line":3,"column":0},"end":{"line":3,"column":59}},"3":{"start":{"line":4,"column":0},"end":{"line":4,"column":56}},"4":{"start":{"line":5,"column":0},"end":{"line":5,"column":0}},"5":{"start":{"line":6,"column":0},"end":{"line":6,"column":0}},"6":{"start":{"line":7,"column":0},"end":{"line":7,"column":31}},"7":{"start":{"line":8,"column":0},"end":{"line":8,"column":0}},"8":{"start":{"line":9,"column":0},"end":{"line":9,"column":0}},"9":{"start":{"line":10,"column":0},"end":{"line":10,"column":23}},"10":{"start":{"line":11,"column":0},"end":{"line":11,"column":56}},"11":{"start":{"line":12,"column":0},"end":{"line":12,"column":2}},"12":{"start":{"line":13,"column":0},"end":{"line":13,"column":21}},"13":{"start":{"line":14,"column":0},"end":{"line":14,"column":53}},"14":{"start":{"line":15,"column":0},"end":{"line":15,"column":2}},"15":{"start":{"line":16,"column":0},"end":{"line":16,"column":23}},"16":{"start":{"line":17,"column":0},"end":{"line":17,"column":58}},"17":{"start":{"line":18,"column":0},"end":{"line":18,"column":2}},"18":{"start":{"line":19,"column":0},"end":{"line":19,"column":27}},"19":{"start":{"line":20,"column":0},"end":{"line":20,"column":58}},"20":{"start":{"line":21,"column":0},"end":{"line":21,"column":0}},"21":{"start":{"line":22,"column":0},"end":{"line":22,"column":29}}},"s":{"0":1,"1":1,"2":1,"3":1,"4":1,"5":1,"6":1,"7":1,"8":1,"9":1,"10":1,"11":1,"12":1,"13":1,"14":1,"15":1,"16":1,"17":1,"18":1,"19":1,"20":1,"21":1},"branchMap":{},"b":{},"fnMap":{},"f":{}}
,"/Users/nono/Desktop/emmyATLP-my-brand-typescripts-updated/routes/api/user.routes.ts": {"path":"/Users/nono/Desktop/emmyATLP-my-brand-typescripts-updated/routes/api/user.routes.ts","all":false,"statementMap":{"0":{"start":{"line":1,"column":0},"end":{"line":1,"column":33}},"1":{"start":{"line":2,"column":0},"end":{"line":2,"column":8}},"2":{"start":{"line":3,"column":0},"end":{"line":3,"column":13}},"3":{"start":{"line":4,"column":0},"end":{"line":4,"column":14}},"4":{"start":{"line":5,"column":0},"end":{"line":5,"column":16}},"5":{"start":{"line":6,"column":0},"end":{"line":6,"column":12}},"6":{"start":{"line":7,"column":0},"end":{"line":7,"column":15}},"7":{"start":{"line":8,"column":0},"end":{"line":8,"column":32}},"8":{"start":{"line":9,"column":0},"end":{"line":9,"column":59}},"9":{"start":{"line":10,"column":0},"end":{"line":10,"column":73}},"10":{"start":{"line":11,"column":0},"end":{"line":11,"column":0}},"11":{"start":{"line":12,"column":0},"end":{"line":12,"column":28}},"12":{"start":{"line":13,"column":0},"end":{"line":13,"column":0}},"13":{"start":{"line":14,"column":0},"end":{"line":14,"column":30}},"14":{"start":{"line":15,"column":0},"end":{"line":15,"column":45}},"15":{"start":{"line":16,"column":0},"end":{"line":16,"column":0}},"16":{"start":{"line":17,"column":0},"end":{"line":17,"column":22}},"17":{"start":{"line":18,"column":0},"end":{"line":18,"column":61}},"18":{"start":{"line":19,"column":0},"end":{"line":19,"column":0}},"19":{"start":{"line":20,"column":0},"end":{"line":20,"column":24}},"20":{"start":{"line":21,"column":0},"end":{"line":21,"column":50}},"21":{"start":{"line":22,"column":0},"end":{"line":22,"column":0}},"22":{"start":{"line":23,"column":0},"end":{"line":23,"column":20}},"23":{"start":{"line":24,"column":0},"end":{"line":24,"column":50}},"24":{"start":{"line":25,"column":0},"end":{"line":25,"column":0}},"25":{"start":{"line":26,"column":0},"end":{"line":26,"column":19}},"26":{"start":{"line":27,"column":0},"end":{"line":27,"column":52}},"27":{"start":{"line":28,"column":0},"end":{"line":28,"column":0}},"28":{"start":{"line":29,"column":0},"end":{"line":29,"column":26}}},"s":{"0":1,"1":1,"2":1,"3":1,"4":1,"5":1,"6":1,"7":1,"8":1,"9":1,"10":1,"11":1,"12":1,"13":1,"14":1,"15":1,"16":1,"17":1,"18":1,"19":1,"20":1,"21":1,"22":1,"23":1,"24":1,"25":1,"26":1,"27":1,"28":1},"branchMap":{},"b":{},"fnMap":{},"f":{}}
,"/Users/nono/Desktop/emmyATLP-my-brand-typescripts-updated/validations/article.ts": {"path":"/Users/nono/Desktop/emmyATLP-my-brand-typescripts-updated/validations/article.ts","all":false,"statementMap":{"0":{"start":{"line":1,"column":0},"end":{"line":1,"column":58}},"1":{"start":{"line":2,"column":0},"end":{"line":2,"column":22}},"2":{"start":{"line":3,"column":0},"end":{"line":3,"column":0}},"3":{"start":{"line":4,"column":0},"end":{"line":4,"column":33}},"4":{"start":{"line":5,"column":0},"end":{"line":5,"column":35}},"5":{"start":{"line":6,"column":0},"end":{"line":6,"column":35}},"6":{"start":{"line":7,"column":0},"end":{"line":7,"column":41}},"7":{"start":{"line":8,"column":0},"end":{"line":8,"column":2}},"8":{"start":{"line":9,"column":0},"end":{"line":9,"column":0}},"9":{"start":{"line":10,"column":0},"end":{"line":10,"column":95}},"10":{"start":{"line":11,"column":0},"end":{"line":11,"column":9}},"11":{"start":{"line":12,"column":0},"end":{"line":12,"column":83}},"12":{"start":{"line":13,"column":0},"end":{"line":13,"column":22}},"13":{"start":{"line":14,"column":0},"end":{"line":14,"column":26}},"14":{"start":{"line":15,"column":0},"end":{"line":15,"column":59}},"15":{"start":{"line":16,"column":0},"end":{"line":16,"column":5}},"16":{"start":{"line":17,"column":0},"end":{"line":17,"column":1}}},"s":{"0":1,"1":1,"2":1,"3":1,"4":1,"5":1,"6":1,"7":1,"8":1,"9":3,"10":3,"11":3,"12":2,"13":3,"14":1,"15":1,"16":3},"branchMap":{"0":{"type":"branch","line":10,"loc":{"start":{"line":10,"column":0},"end":{"line":17,"column":1}},"locations":[{"start":{"line":10,"column":0},"end":{"line":17,"column":1}}]},"1":{"type":"branch","line":13,"loc":{"start":{"line":13,"column":-2},"end":{"line":14,"column":13}},"locations":[{"start":{"line":13,"column":-2},"end":{"line":14,"column":13}}]},"2":{"type":"branch","line":14,"loc":{"start":{"line":14,"column":6},"end":{"line":16,"column":5}},"locations":[{"start":{"line":14,"column":6},"end":{"line":16,"column":5}}]}},"b":{"0":[3],"1":[2],"2":[1]},"fnMap":{"0":{"name":"validateArticle","decl":{"start":{"line":10,"column":0},"end":{"line":17,"column":1}},"loc":{"start":{"line":10,"column":0},"end":{"line":17,"column":1}},"line":10}},"f":{"0":3}}
,"/Users/nono/Desktop/emmyATLP-my-brand-typescripts-updated/validations/comment.ts": {"path":"/Users/nono/Desktop/emmyATLP-my-brand-typescripts-updated/validations/comment.ts","all":false,"statementMap":{"0":{"start":{"line":1,"column":0},"end":{"line":1,"column":58}},"1":{"start":{"line":2,"column":0},"end":{"line":2,"column":22}},"2":{"start":{"line":3,"column":0},"end":{"line":3,"column":0}},"3":{"start":{"line":4,"column":0},"end":{"line":4,"column":33}},"4":{"start":{"line":5,"column":0},"end":{"line":5,"column":34}},"5":{"start":{"line":6,"column":0},"end":{"line":6,"column":37}},"6":{"start":{"line":7,"column":0},"end":{"line":7,"column":2}},"7":{"start":{"line":8,"column":0},"end":{"line":8,"column":0}},"8":{"start":{"line":9,"column":0},"end":{"line":9,"column":95}},"9":{"start":{"line":10,"column":0},"end":{"line":10,"column":9}},"10":{"start":{"line":11,"column":0},"end":{"line":11,"column":83}},"11":{"start":{"line":12,"column":0},"end":{"line":12,"column":22}},"12":{"start":{"line":13,"column":0},"end":{"line":13,"column":26}},"13":{"start":{"line":14,"column":0},"end":{"line":14,"column":59}},"14":{"start":{"line":15,"column":0},"end":{"line":15,"column":5}},"15":{"start":{"line":16,"column":0},"end":{"line":16,"column":1}}},"s":{"0":1,"1":1,"2":1,"3":1,"4":1,"5":1,"6":1,"7":1,"8":2,"9":2,"10":2,"11":2,"12":2,"13":0,"14":0,"15":2},"branchMap":{"0":{"type":"branch","line":9,"loc":{"start":{"line":9,"column":0},"end":{"line":16,"column":1}},"locations":[{"start":{"line":9,"column":0},"end":{"line":16,"column":1}}]},"1":{"type":"branch","line":13,"loc":{"start":{"line":13,"column":6},"end":{"line":15,"column":5}},"locations":[{"start":{"line":13,"column":6},"end":{"line":15,"column":5}}]}},"b":{"0":[2],"1":[0]},"fnMap":{"0":{"name":"validateComment","decl":{"start":{"line":9,"column":0},"end":{"line":16,"column":1}},"loc":{"start":{"line":9,"column":0},"end":{"line":16,"column":1}},"line":9}},"f":{"0":2}}
,"/Users/nono/Desktop/emmyATLP-my-brand-typescripts-updated/validations/message.ts": {"path":"/Users/nono/Desktop/emmyATLP-my-brand-typescripts-updated/validations/message.ts","all":false,"statementMap":{"0":{"start":{"line":1,"column":0},"end":{"line":1,"column":58}},"1":{"start":{"line":2,"column":0},"end":{"line":2,"column":22}},"2":{"start":{"line":3,"column":0},"end":{"line":3,"column":0}},"3":{"start":{"line":4,"column":0},"end":{"line":4,"column":33}},"4":{"start":{"line":5,"column":0},"end":{"line":5,"column":34}},"5":{"start":{"line":6,"column":0},"end":{"line":6,"column":43}},"6":{"start":{"line":7,"column":0},"end":{"line":7,"column":37}},"7":{"start":{"line":8,"column":0},"end":{"line":8,"column":2}},"8":{"start":{"line":9,"column":0},"end":{"line":9,"column":0}},"9":{"start":{"line":10,"column":0},"end":{"line":10,"column":95}},"10":{"start":{"line":11,"column":0},"end":{"line":11,"column":9}},"11":{"start":{"line":12,"column":0},"end":{"line":12,"column":83}},"12":{"start":{"line":13,"column":0},"end":{"line":13,"column":22}},"13":{"start":{"line":14,"column":0},"end":{"line":14,"column":26}},"14":{"start":{"line":15,"column":0},"end":{"line":15,"column":59}},"15":{"start":{"line":16,"column":0},"end":{"line":16,"column":5}},"16":{"start":{"line":17,"column":0},"end":{"line":17,"column":1}}},"s":{"0":1,"1":1,"2":1,"3":1,"4":1,"5":1,"6":1,"7":1,"8":1,"9":2,"10":2,"11":2,"12":2,"13":2,"14":0,"15":0,"16":2},"branchMap":{"0":{"type":"branch","line":10,"loc":{"start":{"line":10,"column":0},"end":{"line":17,"column":1}},"locations":[{"start":{"line":10,"column":0},"end":{"line":17,"column":1}}]},"1":{"type":"branch","line":14,"loc":{"start":{"line":14,"column":6},"end":{"line":16,"column":5}},"locations":[{"start":{"line":14,"column":6},"end":{"line":16,"column":5}}]}},"b":{"0":[2],"1":[0]},"fnMap":{"0":{"name":"validateMessage","decl":{"start":{"line":10,"column":0},"end":{"line":17,"column":1}},"loc":{"start":{"line":10,"column":0},"end":{"line":17,"column":1}},"line":10}},"f":{"0":2}}
,"/Users/nono/Desktop/emmyATLP-my-brand-typescripts-updated/validations/user.ts": {"path":"/Users/nono/Desktop/emmyATLP-my-brand-typescripts-updated/validations/user.ts","all":false,"statementMap":{"0":{"start":{"line":1,"column":0},"end":{"line":1,"column":58}},"1":{"start":{"line":2,"column":0},"end":{"line":2,"column":22}},"2":{"start":{"line":3,"column":0},"end":{"line":3,"column":0}},"3":{"start":{"line":4,"column":0},"end":{"line":4,"column":34}},"4":{"start":{"line":5,"column":0},"end":{"line":5,"column":34}},"5":{"start":{"line":6,"column":0},"end":{"line":6,"column":43}},"6":{"start":{"line":7,"column":0},"end":{"line":7,"column":38}},"7":{"start":{"line":8,"column":0},"end":{"line":8,"column":38}},"8":{"start":{"line":9,"column":0},"end":{"line":9,"column":3}},"9":{"start":{"line":10,"column":0},"end":{"line":10,"column":31}},"10":{"start":{"line":11,"column":0},"end":{"line":11,"column":43}},"11":{"start":{"line":12,"column":0},"end":{"line":12,"column":38}},"12":{"start":{"line":13,"column":0},"end":{"line":13,"column":2}},"13":{"start":{"line":14,"column":0},"end":{"line":14,"column":0}},"14":{"start":{"line":15,"column":0},"end":{"line":15,"column":96}},"15":{"start":{"line":16,"column":0},"end":{"line":16,"column":9}},"16":{"start":{"line":17,"column":0},"end":{"line":17,"column":84}},"17":{"start":{"line":18,"column":0},"end":{"line":18,"column":22}},"18":{"start":{"line":19,"column":0},"end":{"line":19,"column":26}},"19":{"start":{"line":20,"column":0},"end":{"line":20,"column":59}},"20":{"start":{"line":21,"column":0},"end":{"line":21,"column":5}},"21":{"start":{"line":22,"column":0},"end":{"line":22,"column":1}},"22":{"start":{"line":23,"column":0},"end":{"line":23,"column":0}},"23":{"start":{"line":24,"column":0},"end":{"line":24,"column":88}},"24":{"start":{"line":25,"column":0},"end":{"line":25,"column":9}},"25":{"start":{"line":26,"column":0},"end":{"line":26,"column":81}},"26":{"start":{"line":27,"column":0},"end":{"line":27,"column":22}},"27":{"start":{"line":28,"column":0},"end":{"line":28,"column":26}},"28":{"start":{"line":29,"column":0},"end":{"line":29,"column":59}},"29":{"start":{"line":30,"column":0},"end":{"line":30,"column":5}},"30":{"start":{"line":31,"column":0},"end":{"line":31,"column":1}}},"s":{"0":1,"1":1,"2":1,"3":1,"4":1,"5":1,"6":1,"7":1,"8":1,"9":1,"10":1,"11":1,"12":1,"13":1,"14":3,"15":3,"16":3,"17":3,"18":3,"19":0,"20":0,"21":3,"22":1,"23":1,"24":4,"25":4,"26":4,"27":4,"28":0,"29":0,"30":4},"branchMap":{"0":{"type":"branch","line":15,"loc":{"start":{"line":15,"column":0},"end":{"line":22,"column":1}},"locations":[{"start":{"line":15,"column":0},"end":{"line":22,"column":1}}]},"1":{"type":"branch","line":19,"loc":{"start":{"line":19,"column":6},"end":{"line":21,"column":5}},"locations":[{"start":{"line":19,"column":6},"end":{"line":21,"column":5}}]},"2":{"type":"branch","line":24,"loc":{"start":{"line":24,"column":29},"end":{"line":31,"column":1}},"locations":[{"start":{"line":24,"column":29},"end":{"line":31,"column":1}}]},"3":{"type":"branch","line":24,"loc":{"start":{"line":24,"column":87},"end":{"line":31,"column":1}},"locations":[{"start":{"line":24,"column":87},"end":{"line":31,"column":1}}]},"4":{"type":"branch","line":28,"loc":{"start":{"line":28,"column":6},"end":{"line":30,"column":5}},"locations":[{"start":{"line":28,"column":6},"end":{"line":30,"column":5}}]}},"b":{"0":[3],"1":[0],"2":[4],"3":[4],"4":[0]},"fnMap":{"0":{"name":"validateRegister","decl":{"start":{"line":15,"column":0},"end":{"line":22,"column":1}},"loc":{"start":{"line":15,"column":0},"end":{"line":22,"column":1}},"line":15},"1":{"name":"validateLogin","decl":{"start":{"line":24,"column":29},"end":{"line":31,"column":1}},"loc":{"start":{"line":24,"column":29},"end":{"line":31,"column":1}},"line":24}},"f":{"0":3,"1":4}}
}
